<?xml version="1.0" encoding="utf-8"?><testsuites name="pytest tests"><testsuite name="pytest" errors="0" failures="0" skipped="0" tests="1863" time="2.763" timestamp="2025-10-18T10:22:57.474657-07:00" hostname="Jads-MacBook-Pro.local"><testcase classname="tests.test_api.TestModule" name="test_get" time="0.001" /><testcase classname="tests.test_api.TestModule" name="test_utcnow" time="0.000" /><testcase classname="tests.test_api.TestModule" name="test_now" time="0.000" /><testcase classname="tests.test_api.TestModule" name="test_factory" time="0.000" /><testcase classname="tests.test_arrow.TestTestArrowInit" name="test_init_bad_input" time="0.000" /><testcase classname="tests.test_arrow.TestTestArrowInit" name="test_init" time="0.000" /><testcase classname="tests.test_arrow.TestTestArrowInit" name="test_init_pytz_timezone" time="0.016" /><testcase classname="tests.test_arrow.TestTestArrowInit" name="test_init_zoneinfo_timezone" time="0.000" /><testcase classname="tests.test_arrow.TestTestArrowInit" name="test_init_dateutil_timezone" time="0.000" /><testcase classname="tests.test_arrow.TestTestArrowInit" name="test_init_with_fold" time="0.001" /><testcase classname="tests.test_arrow.TestTestArrowFactory" name="test_now" time="0.000" /><testcase classname="tests.test_arrow.TestTestArrowFactory" name="test_utcnow" time="0.000" /><testcase classname="tests.test_arrow.TestTestArrowFactory" name="test_fromtimestamp" time="0.001" /><testcase classname="tests.test_arrow.TestTestArrowFactory" name="test_utcfromtimestamp" time="0.001" /><testcase classname="tests.test_arrow.TestTestArrowFactory" name="test_fromdatetime" time="0.000" /><testcase classname="tests.test_arrow.TestTestArrowFactory" name="test_fromdatetime_dt_tzinfo" time="0.000" /><testcase classname="tests.test_arrow.TestTestArrowFactory" name="test_fromdatetime_tzinfo_arg" time="0.000" /><testcase classname="tests.test_arrow.TestTestArrowFactory" name="test_fromdate" time="0.000" /><testcase classname="tests.test_arrow.TestTestArrowFactory" name="test_strptime" time="0.002" /><testcase classname="tests.test_arrow.TestTestArrowFactory" name="test_fromordinal" time="0.001" /><testcase classname="tests.test_arrow.TestTestArrowRepresentation" name="test_repr" time="0.000" /><testcase classname="tests.test_arrow.TestTestArrowRepresentation" name="test_str" time="0.000" /><testcase classname="tests.test_arrow.TestTestArrowRepresentation" name="test_hash" time="0.000" /><testcase classname="tests.test_arrow.TestTestArrowRepresentation" name="test_format" time="0.004" /><testcase classname="tests.test_arrow.TestTestArrowRepresentation" name="test_bare_format" time="0.000" /><testcase classname="tests.test_arrow.TestTestArrowRepresentation" name="test_format_no_format_string" time="0.000" /><testcase classname="tests.test_arrow.TestTestArrowRepresentation" name="test_clone" time="0.000" /><testcase classname="tests.test_arrow.TestArrowAttribute" name="test_getattr_base" time="0.001" /><testcase classname="tests.test_arrow.TestArrowAttribute" name="test_getattr_week" time="0.000" /><testcase classname="tests.test_arrow.TestArrowAttribute" name="test_getattr_quarter" time="0.000" /><testcase classname="tests.test_arrow.TestArrowAttribute" name="test_getattr_dt_value" time="0.000" /><testcase classname="tests.test_arrow.TestArrowAttribute" name="test_tzinfo" time="0.000" /><testcase classname="tests.test_arrow.TestArrowAttribute" name="test_naive" time="0.000" /><testcase classname="tests.test_arrow.TestArrowAttribute" name="test_timestamp" time="0.000" /><testcase classname="tests.test_arrow.TestArrowAttribute" name="test_int_timestamp" time="0.000" /><testcase classname="tests.test_arrow.TestArrowAttribute" name="test_float_timestamp" time="0.000" /><testcase classname="tests.test_arrow.TestArrowAttribute" name="test_getattr_fold" time="0.000" /><testcase classname="tests.test_arrow.TestArrowAttribute" name="test_getattr_ambiguous" time="0.000" /><testcase classname="tests.test_arrow.TestArrowAttribute" name="test_getattr_imaginary" time="0.000" /><testcase classname="tests.test_arrow.TestArrowComparison" name="test_eq" time="0.000" /><testcase classname="tests.test_arrow.TestArrowComparison" name="test_ne" time="0.000" /><testcase classname="tests.test_arrow.TestArrowComparison" name="test_gt" time="0.001" /><testcase classname="tests.test_arrow.TestArrowComparison" name="test_ge" time="0.000" /><testcase classname="tests.test_arrow.TestArrowComparison" name="test_lt" time="0.000" /><testcase classname="tests.test_arrow.TestArrowComparison" name="test_le" time="0.000" /><testcase classname="tests.test_arrow.TestArrowMath" name="test_add_timedelta" time="0.000" /><testcase classname="tests.test_arrow.TestArrowMath" name="test_add_other" time="0.000" /><testcase classname="tests.test_arrow.TestArrowMath" name="test_radd" time="0.000" /><testcase classname="tests.test_arrow.TestArrowMath" name="test_sub_timedelta" time="0.000" /><testcase classname="tests.test_arrow.TestArrowMath" name="test_sub_datetime" time="0.000" /><testcase classname="tests.test_arrow.TestArrowMath" name="test_sub_arrow" time="0.000" /><testcase classname="tests.test_arrow.TestArrowMath" name="test_sub_other" time="0.000" /><testcase classname="tests.test_arrow.TestArrowMath" name="test_rsub_datetime" time="0.000" /><testcase classname="tests.test_arrow.TestArrowMath" name="test_rsub_other" time="0.000" /><testcase classname="tests.test_arrow.TestArrowDatetimeInterface" name="test_date" time="0.000" /><testcase classname="tests.test_arrow.TestArrowDatetimeInterface" name="test_time" time="0.000" /><testcase classname="tests.test_arrow.TestArrowDatetimeInterface" name="test_timetz" time="0.000" /><testcase classname="tests.test_arrow.TestArrowDatetimeInterface" name="test_astimezone" time="0.000" /><testcase classname="tests.test_arrow.TestArrowDatetimeInterface" name="test_utcoffset" time="0.000" /><testcase classname="tests.test_arrow.TestArrowDatetimeInterface" name="test_dst" time="0.000" /><testcase classname="tests.test_arrow.TestArrowDatetimeInterface" name="test_timetuple" time="0.000" /><testcase classname="tests.test_arrow.TestArrowDatetimeInterface" name="test_utctimetuple" time="0.000" /><testcase classname="tests.test_arrow.TestArrowDatetimeInterface" name="test_toordinal" time="0.000" /><testcase classname="tests.test_arrow.TestArrowDatetimeInterface" name="test_weekday" time="0.000" /><testcase classname="tests.test_arrow.TestArrowDatetimeInterface" name="test_isoweekday" time="0.000" /><testcase classname="tests.test_arrow.TestArrowDatetimeInterface" name="test_isocalendar" time="0.000" /><testcase classname="tests.test_arrow.TestArrowDatetimeInterface" name="test_isoformat" time="0.000" /><testcase classname="tests.test_arrow.TestArrowDatetimeInterface" name="test_isoformat_timespec" time="0.000" /><testcase classname="tests.test_arrow.TestArrowDatetimeInterface" name="test_simplejson" time="0.000" /><testcase classname="tests.test_arrow.TestArrowDatetimeInterface" name="test_ctime" time="0.000" /><testcase classname="tests.test_arrow.TestArrowDatetimeInterface" name="test_strftime" time="0.000" /><testcase classname="tests.test_arrow.TestArrowFalsePositiveDst" name="test_dst" time="0.000" /><testcase classname="tests.test_arrow.TestArrowConversion" name="test_to" time="0.001" /><testcase classname="tests.test_arrow.TestArrowConversion" name="test_to_pacific_then_utc" time="0.000" /><testcase classname="tests.test_arrow.TestArrowConversion" name="test_to_amsterdam_then_utc" time="0.000" /><testcase classname="tests.test_arrow.TestArrowConversion" name="test_to_israel_same_offset" time="0.000" /><testcase classname="tests.test_arrow.TestArrowConversion" name="test_anchorage_dst" time="0.000" /><testcase classname="tests.test_arrow.TestArrowConversion" name="test_chicago_fall" time="0.000" /><testcase classname="tests.test_arrow.TestArrowConversion" name="test_toronto_gap" time="0.000" /><testcase classname="tests.test_arrow.TestArrowConversion" name="test_sydney_gap" time="0.000" /><testcase classname="tests.test_arrow.TestArrowPickling" name="test_pickle_and_unpickle" time="0.000" /><testcase classname="tests.test_arrow.TestArrowReplace" name="test_not_attr" time="0.001" /><testcase classname="tests.test_arrow.TestArrowReplace" name="test_replace" time="0.000" /><testcase classname="tests.test_arrow.TestArrowReplace" name="test_replace_tzinfo" time="0.001" /><testcase classname="tests.test_arrow.TestArrowReplace" name="test_replace_fold" time="0.000" /><testcase classname="tests.test_arrow.TestArrowReplace" name="test_replace_fold_and_other" time="0.000" /><testcase classname="tests.test_arrow.TestArrowReplace" name="test_replace_week" time="0.000" /><testcase classname="tests.test_arrow.TestArrowReplace" name="test_replace_quarter" time="0.000" /><testcase classname="tests.test_arrow.TestArrowReplace" name="test_replace_quarter_and_fold" time="0.000" /><testcase classname="tests.test_arrow.TestArrowReplace" name="test_replace_other_kwargs" time="0.000" /><testcase classname="tests.test_arrow.TestArrowShift" name="test_not_attr" time="0.000" /><testcase classname="tests.test_arrow.TestArrowShift" name="test_shift" time="0.000" /><testcase classname="tests.test_arrow.TestArrowShift" name="test_shift_negative" time="0.000" /><testcase classname="tests.test_arrow.TestArrowShift" name="test_shift_quarters_bug" time="0.000" /><testcase classname="tests.test_arrow.TestArrowShift" name="test_shift_positive_imaginary" time="0.001" /><testcase classname="tests.test_arrow.TestArrowShift" name="test_shift_negative_imaginary" time="0.000" /><testcase classname="tests.test_arrow.TestArrowShift" name="test_shift_with_imaginary_check" time="0.000" /><testcase classname="tests.test_arrow.TestArrowShift" name="test_shift_without_imaginary_check" time="0.000" /><testcase classname="tests.test_arrow.TestArrowShift" name="test_shift_kiritimati" time="0.000" /><testcase classname="tests.test_arrow.TestArrowRange" name="test_year" time="0.002" /><testcase classname="tests.test_arrow.TestArrowRange" name="test_quarter" time="0.000" /><testcase classname="tests.test_arrow.TestArrowRange" name="test_month" time="0.000" /><testcase classname="tests.test_arrow.TestArrowRange" name="test_week" time="0.000" /><testcase classname="tests.test_arrow.TestArrowRange" name="test_day" time="0.000" /><testcase classname="tests.test_arrow.TestArrowRange" name="test_hour" time="0.000" /><testcase classname="tests.test_arrow.TestArrowRange" name="test_minute" time="0.000" /><testcase classname="tests.test_arrow.TestArrowRange" name="test_second" time="0.000" /><testcase classname="tests.test_arrow.TestArrowRange" name="test_arrow" time="0.000" /><testcase classname="tests.test_arrow.TestArrowRange" name="test_naive_tz" time="0.000" /><testcase classname="tests.test_arrow.TestArrowRange" name="test_aware_same_tz" time="0.000" /><testcase classname="tests.test_arrow.TestArrowRange" name="test_aware_different_tz" time="0.000" /><testcase classname="tests.test_arrow.TestArrowRange" name="test_aware_tz" time="0.000" /><testcase classname="tests.test_arrow.TestArrowRange" name="test_imaginary" time="0.000" /><testcase classname="tests.test_arrow.TestArrowRange" name="test_unsupported" time="0.000" /><testcase classname="tests.test_arrow.TestArrowRange" name="test_range_over_months_ending_on_different_days" time="0.000" /><testcase classname="tests.test_arrow.TestArrowRange" name="test_range_over_quarter_months_ending_on_different_days" time="0.000" /><testcase classname="tests.test_arrow.TestArrowRange" name="test_range_over_year_maintains_end_date_across_leap_year" time="0.000" /><testcase classname="tests.test_arrow.TestArrowSpanRange" name="test_year" time="0.003" /><testcase classname="tests.test_arrow.TestArrowSpanRange" name="test_quarter" time="0.000" /><testcase classname="tests.test_arrow.TestArrowSpanRange" name="test_month" time="0.000" /><testcase classname="tests.test_arrow.TestArrowSpanRange" name="test_week" time="0.000" /><testcase classname="tests.test_arrow.TestArrowSpanRange" name="test_day" time="0.000" /><testcase classname="tests.test_arrow.TestArrowSpanRange" name="test_days" time="0.000" /><testcase classname="tests.test_arrow.TestArrowSpanRange" name="test_hour" time="0.000" /><testcase classname="tests.test_arrow.TestArrowSpanRange" name="test_minute" time="0.000" /><testcase classname="tests.test_arrow.TestArrowSpanRange" name="test_second" time="0.000" /><testcase classname="tests.test_arrow.TestArrowSpanRange" name="test_naive_tz" time="0.000" /><testcase classname="tests.test_arrow.TestArrowSpanRange" name="test_aware_same_tz" time="0.000" /><testcase classname="tests.test_arrow.TestArrowSpanRange" name="test_aware_different_tz" time="0.000" /><testcase classname="tests.test_arrow.TestArrowSpanRange" name="test_aware_tz" time="0.000" /><testcase classname="tests.test_arrow.TestArrowSpanRange" name="test_bounds_param_is_passed" time="0.000" /><testcase classname="tests.test_arrow.TestArrowSpanRange" name="test_exact_bound_exclude" time="0.000" /><testcase classname="tests.test_arrow.TestArrowSpanRange" name="test_exact_floor_equals_end" time="0.000" /><testcase classname="tests.test_arrow.TestArrowSpanRange" name="test_exact_bound_include" time="0.000" /><testcase classname="tests.test_arrow.TestArrowSpanRange" name="test_small_interval_exact_open_bounds" time="0.000" /><testcase classname="tests.test_arrow.TestArrowInterval" name="test_incorrect_input" time="0.001" /><testcase classname="tests.test_arrow.TestArrowInterval" name="test_correct" time="0.000" /><testcase classname="tests.test_arrow.TestArrowInterval" name="test_bounds_param_is_passed" time="0.000" /><testcase classname="tests.test_arrow.TestArrowInterval" name="test_exact" time="0.000" /><testcase classname="tests.test_arrow.TestArrowSpan" name="test_span_attribute" time="0.000" /><testcase classname="tests.test_arrow.TestArrowSpan" name="test_span_year" time="0.000" /><testcase classname="tests.test_arrow.TestArrowSpan" name="test_span_quarter" time="0.000" /><testcase classname="tests.test_arrow.TestArrowSpan" name="test_span_quarter_count" time="0.000" /><testcase classname="tests.test_arrow.TestArrowSpan" name="test_span_year_count" time="0.000" /><testcase classname="tests.test_arrow.TestArrowSpan" name="test_span_month" time="0.000" /><testcase classname="tests.test_arrow.TestArrowSpan" name="test_span_week" time="0.000" /><testcase classname="tests.test_arrow.TestArrowSpan" name="test_span_day" time="0.000" /><testcase classname="tests.test_arrow.TestArrowSpan" name="test_span_hour" time="0.000" /><testcase classname="tests.test_arrow.TestArrowSpan" name="test_span_minute" time="0.000" /><testcase classname="tests.test_arrow.TestArrowSpan" name="test_span_second" time="0.000" /><testcase classname="tests.test_arrow.TestArrowSpan" name="test_span_microsecond" time="0.000" /><testcase classname="tests.test_arrow.TestArrowSpan" name="test_floor" time="0.000" /><testcase classname="tests.test_arrow.TestArrowSpan" name="test_floor_week_start" time="0.000" /><testcase classname="tests.test_arrow.TestArrowSpan" name="test_ceil_week_start" time="0.000" /><testcase classname="tests.test_arrow.TestArrowSpan" name="test_floor_ceil_week_start_values" time="0.000" /><testcase classname="tests.test_arrow.TestArrowSpan" name="test_floor_ceil_week_start_backward_compatibility" time="0.000" /><testcase classname="tests.test_arrow.TestArrowSpan" name="test_floor_ceil_week_start_ignored_for_non_week_frames" time="0.000" /><testcase classname="tests.test_arrow.TestArrowSpan" name="test_floor_ceil_week_start_validation" time="0.001" /><testcase classname="tests.test_arrow.TestArrowSpan" name="test_span_inclusive_inclusive" time="0.000" /><testcase classname="tests.test_arrow.TestArrowSpan" name="test_span_exclusive_inclusive" time="0.000" /><testcase classname="tests.test_arrow.TestArrowSpan" name="test_span_exclusive_exclusive" time="0.000" /><testcase classname="tests.test_arrow.TestArrowSpan" name="test_bounds_are_validated" time="0.000" /><testcase classname="tests.test_arrow.TestArrowSpan" name="test_exact" time="0.000" /><testcase classname="tests.test_arrow.TestArrowSpan" name="test_exact_inclusive_inclusive" time="0.000" /><testcase classname="tests.test_arrow.TestArrowSpan" name="test_exact_exclusive_inclusive" time="0.000" /><testcase classname="tests.test_arrow.TestArrowSpan" name="test_exact_exclusive_exclusive" time="0.000" /><testcase classname="tests.test_arrow.TestArrowSpan" name="test_all_parameters_specified" time="0.000" /><testcase classname="tests.test_arrow.TestArrowHumanize" name="test_granularity" time="0.006" /><testcase classname="tests.test_arrow.TestArrowHumanize" name="test_multiple_granularity" time="0.001" /><testcase classname="tests.test_arrow.TestArrowHumanize" name="test_seconds" time="0.000" /><testcase classname="tests.test_arrow.TestArrowHumanize" name="test_minute" time="0.000" /><testcase classname="tests.test_arrow.TestArrowHumanize" name="test_minutes" time="0.000" /><testcase classname="tests.test_arrow.TestArrowHumanize" name="test_hour" time="0.000" /><testcase classname="tests.test_arrow.TestArrowHumanize" name="test_hours" time="0.000" /><testcase classname="tests.test_arrow.TestArrowHumanize" name="test_day" time="0.000" /><testcase classname="tests.test_arrow.TestArrowHumanize" name="test_days" time="0.000" /><testcase classname="tests.test_arrow.TestArrowHumanize" name="test_week" time="0.000" /><testcase classname="tests.test_arrow.TestArrowHumanize" name="test_weeks" time="0.000" /><testcase classname="tests.test_arrow.TestArrowHumanize" name="test_month" time="0.000" /><testcase classname="tests.test_arrow.TestArrowHumanize" name="test_months" time="0.000" /><testcase classname="tests.test_arrow.TestArrowHumanize" name="test_year" time="0.000" /><testcase classname="tests.test_arrow.TestArrowHumanize" name="test_years" time="0.000" /><testcase classname="tests.test_arrow.TestArrowHumanize" name="test_arrow" time="0.000" /><testcase classname="tests.test_arrow.TestArrowHumanize" name="test_datetime_tzinfo" time="0.000" /><testcase classname="tests.test_arrow.TestArrowHumanize" name="test_other" time="0.000" /><testcase classname="tests.test_arrow.TestArrowHumanize" name="test_invalid_locale" time="0.000" /><testcase classname="tests.test_arrow.TestArrowHumanize" name="test_none" time="0.000" /><testcase classname="tests.test_arrow.TestArrowHumanize" name="test_week_limit" time="0.000" /><testcase classname="tests.test_arrow.TestArrowHumanize" name="test_untranslated_granularity" time="0.000" /><testcase classname="tests.test_arrow.TestArrowHumanize" name="test_empty_granularity_list" time="0.000" /><testcase classname="tests.test_arrow.TestArrowHumanize" name="test_no_floats" time="0.001" /><testcase classname="tests.test_arrow.TestArrowHumanize" name="test_no_floats_multi_gran" time="0.000" /><testcase classname="tests.test_arrow.TestArrowHumanizeTestsWithLocale" name="test_now" time="0.000" /><testcase classname="tests.test_arrow.TestArrowHumanizeTestsWithLocale" name="test_seconds" time="0.000" /><testcase classname="tests.test_arrow.TestArrowHumanizeTestsWithLocale" name="test_years" time="0.000" /><testcase classname="tests.test_arrow.TestArrowDehumanize" name="test_now" time="0.032" /><testcase classname="tests.test_arrow.TestArrowDehumanize" name="test_seconds" time="0.027" /><testcase classname="tests.test_arrow.TestArrowDehumanize" name="test_minute" time="0.026" /><testcase classname="tests.test_arrow.TestArrowDehumanize" name="test_minutes" time="0.028" /><testcase classname="tests.test_arrow.TestArrowDehumanize" name="test_hour" time="0.027" /><testcase classname="tests.test_arrow.TestArrowDehumanize" name="test_hours" time="0.027" /><testcase classname="tests.test_arrow.TestArrowDehumanize" name="test_week" time="0.015" /><testcase classname="tests.test_arrow.TestArrowDehumanize" name="test_weeks" time="0.015" /><testcase classname="tests.test_arrow.TestArrowDehumanize" name="test_year" time="0.026" /><testcase classname="tests.test_arrow.TestArrowDehumanize" name="test_years" time="0.027" /><testcase classname="tests.test_arrow.TestArrowDehumanize" name="test_gt_than_10_years" time="0.027" /><testcase classname="tests.test_arrow.TestArrowDehumanize" name="test_mixed_granularity" time="0.031" /><testcase classname="tests.test_arrow.TestArrowDehumanize" name="test_mixed_granularity_hours" time="0.031" /><testcase classname="tests.test_arrow.TestArrowDehumanize" name="test_mixed_granularity_day" time="0.031" /><testcase classname="tests.test_arrow.TestArrowDehumanize" name="test_mixed_granularity_day_hour" time="0.031" /><testcase classname="tests.test_arrow.TestArrowDehumanize" name="test_unsupported_locale" time="0.001" /><testcase classname="tests.test_arrow.TestArrowDehumanize" name="test_normalized_locale" time="0.001" /><testcase classname="tests.test_arrow.TestArrowDehumanize" name="test_require_relative_unit" time="0.025" /><testcase classname="tests.test_arrow.TestArrowDehumanize" name="test_scrambled_input" time="0.024" /><testcase classname="tests.test_arrow.TestArrowDehumanize" name="test_no_units_modified" time="0.022" /><testcase classname="tests.test_arrow.TestArrowDehumanize" name="test_slavic_locales" time="0.011" /><testcase classname="tests.test_arrow.TestArrowDehumanize" name="test_czech_slovak" time="0.001" /><testcase classname="tests.test_arrow.TestArrowIsBetween" name="test_start_before_end" time="0.001" /><testcase classname="tests.test_arrow.TestArrowIsBetween" name="test_exclusive_exclusive_bounds" time="0.000" /><testcase classname="tests.test_arrow.TestArrowIsBetween" name="test_exclusive_exclusive_bounds_same_date" time="0.000" /><testcase classname="tests.test_arrow.TestArrowIsBetween" name="test_inclusive_exclusive_bounds" time="0.000" /><testcase classname="tests.test_arrow.TestArrowIsBetween" name="test_exclusive_inclusive_bounds" time="0.000" /><testcase classname="tests.test_arrow.TestArrowIsBetween" name="test_inclusive_inclusive_bounds_same_date" time="0.000" /><testcase classname="tests.test_arrow.TestArrowIsBetween" name="test_inclusive_inclusive_bounds_target_before_start" time="0.000" /><testcase classname="tests.test_arrow.TestArrowIsBetween" name="test_type_error_exception" time="0.000" /><testcase classname="tests.test_arrow.TestArrowIsBetween" name="test_value_error_exception" time="0.000" /><testcase classname="tests.test_arrow.TestArrowUtil" name="test_get_datetime" time="0.000" /><testcase classname="tests.test_arrow.TestArrowUtil" name="test_get_tzinfo" time="0.001" /><testcase classname="tests.test_arrow.TestArrowUtil" name="test_get_iteration_params" time="0.000" /><testcase classname="tests.test_factory.TestGet" name="test_no_args" time="0.004" /><testcase classname="tests.test_factory.TestGet" name="test_timestamp_one_arg_no_arg" time="0.010" /><testcase classname="tests.test_factory.TestGet" name="test_one_arg_none" time="0.000" /><testcase classname="tests.test_factory.TestGet" name="test_struct_time" time="0.000" /><testcase classname="tests.test_factory.TestGet" name="test_one_arg_timestamp" time="0.004" /><testcase classname="tests.test_factory.TestGet" name="test_one_arg_expanded_timestamp" time="0.000" /><testcase classname="tests.test_factory.TestGet" name="test_one_arg_timestamp_with_tzinfo" time="0.000" /><testcase classname="tests.test_factory.TestGet" name="test_one_arg_arrow" time="0.000" /><testcase classname="tests.test_factory.TestGet" name="test_one_arg_datetime" time="0.000" /><testcase classname="tests.test_factory.TestGet" name="test_one_arg_date" time="0.000" /><testcase classname="tests.test_factory.TestGet" name="test_one_arg_tzinfo" time="0.000" /><testcase classname="tests.test_factory.TestGet" name="test_one_arg_dateparser_datetime" time="0.036" /><testcase classname="tests.test_factory.TestGet" name="test_kwarg_tzinfo" time="0.000" /><testcase classname="tests.test_factory.TestGet" name="test_kwarg_tzinfo_string" time="0.001" /><testcase classname="tests.test_factory.TestGet" name="test_kwarg_normalize_whitespace" time="0.001" /><testcase classname="tests.test_factory.TestGet" name="test_one_arg_datetime_tzinfo_kwarg" time="0.000" /><testcase classname="tests.test_factory.TestGet" name="test_one_arg_arrow_tzinfo_kwarg" time="0.000" /><testcase classname="tests.test_factory.TestGet" name="test_one_arg_date_tzinfo_kwarg" time="0.000" /><testcase classname="tests.test_factory.TestGet" name="test_one_arg_iso_calendar_tzinfo_kwarg" time="0.001" /><testcase classname="tests.test_factory.TestGet" name="test_one_arg_iso_str" time="0.000" /><testcase classname="tests.test_factory.TestGet" name="test_one_arg_iso_calendar" time="0.000" /><testcase classname="tests.test_factory.TestGet" name="test_one_arg_other" time="0.000" /><testcase classname="tests.test_factory.TestGet" name="test_one_arg_bool" time="0.000" /><testcase classname="tests.test_factory.TestGet" name="test_one_arg_decimal" time="0.000" /><testcase classname="tests.test_factory.TestGet" name="test_two_args_datetime_tzinfo" time="0.000" /><testcase classname="tests.test_factory.TestGet" name="test_two_args_datetime_tz_str" time="0.000" /><testcase classname="tests.test_factory.TestGet" name="test_two_args_date_tzinfo" time="0.000" /><testcase classname="tests.test_factory.TestGet" name="test_two_args_date_tz_str" time="0.000" /><testcase classname="tests.test_factory.TestGet" name="test_two_args_datetime_other" time="0.000" /><testcase classname="tests.test_factory.TestGet" name="test_two_args_date_other" time="0.000" /><testcase classname="tests.test_factory.TestGet" name="test_two_args_str_str" time="0.000" /><testcase classname="tests.test_factory.TestGet" name="test_two_args_str_tzinfo" time="0.000" /><testcase classname="tests.test_factory.TestGet" name="test_two_args_twitter_format" time="0.000" /><testcase classname="tests.test_factory.TestGet" name="test_two_args_str_list" time="0.000" /><testcase classname="tests.test_factory.TestGet" name="test_two_args_unicode_unicode" time="0.000" /><testcase classname="tests.test_factory.TestGet" name="test_two_args_other" time="0.000" /><testcase classname="tests.test_factory.TestGet" name="test_three_args_with_tzinfo" time="0.000" /><testcase classname="tests.test_factory.TestGet" name="test_three_args" time="0.000" /><testcase classname="tests.test_factory.TestGet" name="test_full_kwargs" time="0.000" /><testcase classname="tests.test_factory.TestGet" name="test_three_kwargs" time="0.000" /><testcase classname="tests.test_factory.TestGet" name="test_tzinfo_string_kwargs" time="0.000" /><testcase classname="tests.test_factory.TestGet" name="test_insufficient_kwargs" time="0.000" /><testcase classname="tests.test_factory.TestGet" name="test_locale" time="0.001" /><testcase classname="tests.test_factory.TestGet" name="test_locale_kwarg_only" time="0.000" /><testcase classname="tests.test_factory.TestGet" name="test_locale_with_tzinfo" time="0.000" /><testcase classname="tests.test_factory.TestUtcNow" name="test_utcnow" time="0.000" /><testcase classname="tests.test_factory.TestNow" name="test_no_tz" time="0.000" /><testcase classname="tests.test_factory.TestNow" name="test_tzinfo" time="0.000" /><testcase classname="tests.test_factory.TestNow" name="test_tz_str" time="0.000" /><testcase classname="tests.test_formatter.TestFormatterFormatToken" name="test_format" time="0.001" /><testcase classname="tests.test_formatter.TestFormatterFormatToken" name="test_year" time="0.000" /><testcase classname="tests.test_formatter.TestFormatterFormatToken" name="test_month" time="0.000" /><testcase classname="tests.test_formatter.TestFormatterFormatToken" name="test_day" time="0.000" /><testcase classname="tests.test_formatter.TestFormatterFormatToken" name="test_hour" time="0.000" /><testcase classname="tests.test_formatter.TestFormatterFormatToken" name="test_minute" time="0.000" /><testcase classname="tests.test_formatter.TestFormatterFormatToken" name="test_second" time="0.000" /><testcase classname="tests.test_formatter.TestFormatterFormatToken" name="test_sub_second" time="0.000" /><testcase classname="tests.test_formatter.TestFormatterFormatToken" name="test_timestamp" time="0.000" /><testcase classname="tests.test_formatter.TestFormatterFormatToken" name="test_timezone" time="0.000" /><testcase classname="tests.test_formatter.TestFormatterFormatToken" name="test_timezone_formatter[Africa/Niamey]" time="0.000" /><testcase classname="tests.test_formatter.TestFormatterFormatToken" name="test_timezone_formatter[Africa/Tunis]" time="0.000" /><testcase classname="tests.test_formatter.TestFormatterFormatToken" name="test_timezone_formatter[Navajo]" time="0.000" /><testcase classname="tests.test_formatter.TestFormatterFormatToken" name="test_timezone_formatter[Etc/GMT-9]" time="0.000" /><testcase classname="tests.test_formatter.TestFormatterFormatToken" name="test_timezone_formatter[America/Menominee]" time="0.000" /><testcase classname="tests.test_formatter.TestFormatterFormatToken" name="test_timezone_formatter[Europe/Warsaw]" time="0.000" /><testcase classname="tests.test_formatter.TestFormatterFormatToken" name="test_timezone_formatter[America/Belize]" time="0.000" /><testcase classname="tests.test_formatter.TestFormatterFormatToken" name="test_timezone_formatter[America/Miquelon]" time="0.000" /><testcase classname="tests.test_formatter.TestFormatterFormatToken" name="test_timezone_formatter[America/Kentucky/Monticello]" time="0.000" /><testcase classname="tests.test_formatter.TestFormatterFormatToken" name="test_timezone_formatter[Europe/Minsk]" time="0.000" /><testcase classname="tests.test_formatter.TestFormatterFormatToken" name="test_timezone_formatter[Asia/Yerevan]" time="0.000" /><testcase classname="tests.test_formatter.TestFormatterFormatToken" name="test_timezone_formatter[America/North_Dakota/Beulah]" time="0.000" /><testcase classname="tests.test_formatter.TestFormatterFormatToken" name="test_timezone_formatter[Europe/Kyiv]" time="0.000" /><testcase classname="tests.test_formatter.TestFormatterFormatToken" name="test_timezone_formatter[America/Goose_Bay]" time="0.000" /><testcase classname="tests.test_formatter.TestFormatterFormatToken" name="test_timezone_formatter[Australia/Canberra]" time="0.000" /><testcase classname="tests.test_formatter.TestFormatterFormatToken" name="test_timezone_formatter[Etc/GMT-6]" time="0.000" /><testcase classname="tests.test_formatter.TestFormatterFormatToken" name="test_timezone_formatter[Asia/Tomsk]" time="0.000" /><testcase classname="tests.test_formatter.TestFormatterFormatToken" name="test_timezone_formatter[Indian/Cocos]" time="0.000" /><testcase classname="tests.test_formatter.TestFormatterFormatToken" name="test_timezone_formatter[America/Santiago]" time="0.000" /><testcase classname="tests.test_formatter.TestFormatterFormatToken" name="test_timezone_formatter[America/Campo_Grande]" time="0.000" /><testcase classname="tests.test_formatter.TestFormatterFormatToken" name="test_timezone_formatter[Europe/London]" time="0.000" /><testcase classname="tests.test_formatter.TestFormatterFormatToken" name="test_timezone_formatter[America/Nassau]" time="0.000" /><testcase classname="tests.test_formatter.TestFormatterFormatToken" name="test_timezone_formatter[GB]" time="0.000" /><testcase classname="tests.test_formatter.TestFormatterFormatToken" name="test_timezone_formatter[Asia/Dushanbe]" time="0.000" /><testcase classname="tests.test_formatter.TestFormatterFormatToken" name="test_timezone_formatter[Canada/Pacific]" time="0.000" /><testcase classname="tests.test_formatter.TestFormatterFormatToken" name="test_timezone_formatter[Indian/Kerguelen]" time="0.000" /><testcase classname="tests.test_formatter.TestFormatterFormatToken" name="test_timezone_formatter[Asia/Almaty]" time="0.000" /><testcase classname="tests.test_formatter.TestFormatterFormatToken" name="test_timezone_formatter[Asia/Katmandu]" time="0.000" /><testcase classname="tests.test_formatter.TestFormatterFormatToken" name="test_timezone_formatter[America/Cancun]" time="0.000" /><testcase classname="tests.test_formatter.TestFormatterFormatToken" name="test_timezone_formatter[Antarctica/Rothera]" time="0.000" /><testcase classname="tests.test_formatter.TestFormatterFormatToken" name="test_timezone_formatter[Asia/Makassar]" time="0.000" /><testcase classname="tests.test_formatter.TestFormatterFormatToken" name="test_timezone_formatter[Europe/Mariehamn]" time="0.000" /><testcase classname="tests.test_formatter.TestFormatterFormatToken" name="test_timezone_formatter[Africa/Cairo]" time="0.000" /><testcase classname="tests.test_formatter.TestFormatterFormatToken" name="test_timezone_formatter[Etc/GMT+9]" time="0.000" /><testcase classname="tests.test_formatter.TestFormatterFormatToken" name="test_timezone_formatter[Asia/Qyzylorda]" time="0.000" /><testcase classname="tests.test_formatter.TestFormatterFormatToken" name="test_timezone_formatter[Asia/Jakarta]" time="0.000" /><testcase classname="tests.test_formatter.TestFormatterFormatToken" name="test_timezone_formatter[Africa/Juba]" time="0.000" /><testcase classname="tests.test_formatter.TestFormatterFormatToken" name="test_timezone_formatter[Etc/GMT-8]" time="0.000" /><testcase classname="tests.test_formatter.TestFormatterFormatToken" name="test_timezone_formatter[Pacific/Ponape]" time="0.000" /><testcase classname="tests.test_formatter.TestFormatterFormatToken" name="test_timezone_formatter[Antarctica/DumontDUrville]" time="0.000" /><testcase classname="tests.test_formatter.TestFormatterFormatToken" name="test_timezone_formatter[America/Phoenix]" time="0.000" /><testcase classname="tests.test_formatter.TestFormatterFormatToken" name="test_timezone_formatter[Kwajalein]" time="0.000" /><testcase classname="tests.test_formatter.TestFormatterFormatToken" name="test_timezone_formatter[Pacific/Niue]" time="0.000" /><testcase classname="tests.test_formatter.TestFormatterFormatToken" name="test_timezone_formatter[WET]" time="0.000" /><testcase classname="tests.test_formatter.TestFormatterFormatToken" name="test_timezone_formatter[America/Rosario]" time="0.000" /><testcase classname="tests.test_formatter.TestFormatterFormatToken" name="test_timezone_formatter[Asia/Samarkand]" time="0.000" /><testcase classname="tests.test_formatter.TestFormatterFormatToken" name="test_timezone_formatter[Europe/Bucharest]" time="0.000" /><testcase classname="tests.test_formatter.TestFormatterFormatToken" name="test_timezone_formatter[Pacific/Apia]" time="0.000" /><testcase classname="tests.test_formatter.TestFormatterFormatToken" name="test_timezone_formatter[Brazil/DeNoronha]" time="0.000" /><testcase classname="tests.test_formatter.TestFormatterFormatToken" name="test_timezone_formatter[America/Iqaluit]" time="0.000" /><testcase classname="tests.test_formatter.TestFormatterFormatToken" name="test_timezone_formatter[America/Argentina/Catamarca]" time="0.000" /><testcase classname="tests.test_formatter.TestFormatterFormatToken" name="test_timezone_formatter[Greenwich]" time="0.000" /><testcase classname="tests.test_formatter.TestFormatterFormatToken" name="test_timezone_formatter[Mexico/General]" time="0.000" /><testcase classname="tests.test_formatter.TestFormatterFormatToken" name="test_timezone_formatter[Africa/Lagos]" time="0.000" /><testcase classname="tests.test_formatter.TestFormatterFormatToken" name="test_timezone_formatter[GMT]" time="0.000" /><testcase classname="tests.test_formatter.TestFormatterFormatToken" name="test_timezone_formatter[America/St_Thomas]" time="0.000" /><testcase classname="tests.test_formatter.TestFormatterFormatToken" name="test_timezone_formatter[CST6CDT]" time="0.000" /><testcase classname="tests.test_formatter.TestFormatterFormatToken" name="test_timezone_formatter[America/Argentina/Cordoba]" time="0.000" /><testcase classname="tests.test_formatter.TestFormatterFormatToken" name="test_timezone_formatter[Asia/Hong_Kong]" time="0.000" /><testcase classname="tests.test_formatter.TestFormatterFormatToken" name="test_timezone_formatter[Asia/Rangoon]" time="0.000" /><testcase classname="tests.test_formatter.TestFormatterFormatToken" name="test_timezone_formatter[America/Porto_Velho]" time="0.000" /><testcase classname="tests.test_formatter.TestFormatterFormatToken" name="test_timezone_formatter[Pacific/Pohnpei]" time="0.000" /><testcase classname="tests.test_formatter.TestFormatterFormatToken" name="test_timezone_formatter[Africa/Tripoli]" time="0.000" /><testcase classname="tests.test_formatter.TestFormatterFormatToken" name="test_timezone_formatter[Canada/Yukon]" time="0.000" /><testcase classname="tests.test_formatter.TestFormatterFormatToken" name="test_timezone_formatter[Pacific/Rarotonga]" time="0.000" /><testcase classname="tests.test_formatter.TestFormatterFormatToken" name="test_timezone_formatter[Asia/Khandyga]" time="0.000" /><testcase classname="tests.test_formatter.TestFormatterFormatToken" name="test_timezone_formatter[Japan]" time="0.000" /><testcase classname="tests.test_formatter.TestFormatterFormatToken" name="test_timezone_formatter[Asia/Gaza]" time="0.000" /><testcase classname="tests.test_formatter.TestFormatterFormatToken" name="test_timezone_formatter[Africa/Accra]" time="0.000" /><testcase classname="tests.test_formatter.TestFormatterFormatToken" name="test_timezone_formatter[America/Havana]" time="0.001" /><testcase classname="tests.test_formatter.TestFormatterFormatToken" name="test_timezone_formatter[Australia/NSW]" time="0.000" /><testcase classname="tests.test_formatter.TestFormatterFormatToken" name="test_timezone_formatter[Europe/Uzhgorod]" time="0.000" /><testcase classname="tests.test_formatter.TestFormatterFormatToken" name="test_timezone_formatter[Factory]" time="0.000" /><testcase classname="tests.test_formatter.TestFormatterFormatToken" name="test_timezone_formatter[Asia/Hovd]" time="0.000" /><testcase classname="tests.test_formatter.TestFormatterFormatToken" name="test_timezone_formatter[Australia/Yancowinna]" time="0.000" /><testcase classname="tests.test_formatter.TestFormatterFormatToken" name="test_timezone_formatter[America/Hermosillo]" time="0.000" /><testcase classname="tests.test_formatter.TestFormatterFormatToken" name="test_timezone_formatter[America/Argentina/ComodRivadavia]" time="0.000" /><testcase classname="tests.test_formatter.TestFormatterFormatToken" name="test_timezone_formatter[Antarctica/Syowa]" time="0.000" /><testcase classname="tests.test_formatter.TestFormatterFormatToken" name="test_timezone_formatter[Africa/Blantyre]" time="0.001" /><testcase classname="tests.test_formatter.TestFormatterFormatToken" name="test_timezone_formatter[Australia/Broken_Hill]" time="0.000" /><testcase classname="tests.test_formatter.TestFormatterFormatToken" name="test_timezone_formatter[Cuba]" time="0.000" /><testcase classname="tests.test_formatter.TestFormatterFormatToken" name="test_timezone_formatter[Asia/Yangon]" time="0.000" /><testcase classname="tests.test_formatter.TestFormatterFormatToken" name="test_timezone_formatter[Pacific/Efate]" time="0.000" /><testcase classname="tests.test_formatter.TestFormatterFormatToken" name="test_timezone_formatter[Antarctica/Palmer]" time="0.000" /><testcase classname="tests.test_formatter.TestFormatterFormatToken" name="test_timezone_formatter[Etc/GMT-13]" time="0.000" /><testcase classname="tests.test_formatter.TestFormatterFormatToken" name="test_timezone_formatter[America/Merida]" time="0.000" /><testcase classname="tests.test_formatter.TestFormatterFormatToken" name="test_timezone_formatter[America/Chihuahua]" time="0.000" /><testcase classname="tests.test_formatter.TestFormatterFormatToken" name="test_timezone_formatter[America/Anguilla]" time="0.000" /><testcase classname="tests.test_formatter.TestFormatterFormatToken" name="test_timezone_formatter[America/Guadeloupe]" time="0.000" /><testcase classname="tests.test_formatter.TestFormatterFormatToken" name="test_timezone_formatter[America/Atka]" time="0.000" /><testcase classname="tests.test_formatter.TestFormatterFormatToken" name="test_timezone_formatter[America/Lower_Princes]" time="0.000" /><testcase classname="tests.test_formatter.TestFormatterFormatToken" name="test_timezone_formatter[America/Panama]" time="0.000" /><testcase classname="tests.test_formatter.TestFormatterFormatToken" name="test_timezone_formatter[America/Mendoza]" time="0.000" /><testcase classname="tests.test_formatter.TestFormatterFormatToken" name="test_timezone_formatter[US/East-Indiana]" time="0.000" /><testcase classname="tests.test_formatter.TestFormatterFormatToken" name="test_timezone_formatter[America/St_Kitts]" time="0.000" /><testcase classname="tests.test_formatter.TestFormatterFormatToken" name="test_timezone_formatter[America/El_Salvador]" time="0.000" /><testcase classname="tests.test_formatter.TestFormatterFormatToken" name="test_timezone_formatter[Africa/Lome]" time="0.000" /><testcase classname="tests.test_formatter.TestFormatterFormatToken" name="test_timezone_formatter[Universal]" time="0.000" /><testcase classname="tests.test_formatter.TestFormatterFormatToken" name="test_timezone_formatter[America/Yellowknife]" time="0.000" /><testcase classname="tests.test_formatter.TestFormatterFormatToken" name="test_timezone_formatter[PST8PDT]" time="0.000" /><testcase classname="tests.test_formatter.TestFormatterFormatToken" name="test_timezone_formatter[America/Santo_Domingo]" time="0.000" /><testcase classname="tests.test_formatter.TestFormatterFormatToken" name="test_timezone_formatter[MST]" time="0.000" /><testcase classname="tests.test_formatter.TestFormatterFormatToken" name="test_timezone_formatter[America/Montevideo]" time="0.000" /><testcase classname="tests.test_formatter.TestFormatterFormatToken" name="test_timezone_formatter[Etc/GMT-3]" time="0.000" /><testcase classname="tests.test_formatter.TestFormatterFormatToken" name="test_timezone_formatter[Africa/Banjul]" time="0.000" /><testcase classname="tests.test_formatter.TestFormatterFormatToken" name="test_timezone_formatter[Etc/GMT+12]" time="0.000" /><testcase classname="tests.test_formatter.TestFormatterFormatToken" name="test_timezone_formatter[America/Punta_Arenas]" time="0.000" /><testcase classname="tests.test_formatter.TestFormatterFormatToken" name="test_timezone_formatter[Etc/Universal]" time="0.000" /><testcase classname="tests.test_formatter.TestFormatterFormatToken" name="test_timezone_formatter[Canada/Central]" time="0.000" /><testcase classname="tests.test_formatter.TestFormatterFormatToken" name="test_timezone_formatter[Indian/Mahe]" time="0.000" /><testcase classname="tests.test_formatter.TestFormatterFormatToken" name="test_timezone_formatter[America/Porto_Acre]" time="0.000" /><testcase classname="tests.test_formatter.TestFormatterFormatToken" name="test_timezone_formatter[Pacific/Guam]" time="0.000" /><testcase classname="tests.test_formatter.TestFormatterFormatToken" name="test_timezone_formatter[Europe/Saratov]" time="0.000" /><testcase classname="tests.test_formatter.TestFormatterFormatToken" name="test_timezone_formatter[America/Indiana/Winamac]" time="0.000" /><testcase classname="tests.test_formatter.TestFormatterFormatToken" name="test_timezone_formatter[Europe/Rome]" time="0.000" /><testcase classname="tests.test_formatter.TestFormatterFormatToken" name="test_timezone_formatter[US/Alaska]" time="0.000" /><testcase classname="tests.test_formatter.TestFormatterFormatToken" name="test_timezone_formatter[America/Dawson]" time="0.000" /><testcase classname="tests.test_formatter.TestFormatterFormatToken" name="test_timezone_formatter[Indian/Antananarivo]" time="0.000" /><testcase classname="tests.test_formatter.TestFormatterFormatToken" name="test_timezone_formatter[Asia/Tokyo]" time="0.000" /><testcase classname="tests.test_formatter.TestFormatterFormatToken" name="test_timezone_formatter[America/Argentina/Jujuy]" time="0.000" /><testcase classname="tests.test_formatter.TestFormatterFormatToken" name="test_timezone_formatter[America/Danmarkshavn]" time="0.000" /><testcase classname="tests.test_formatter.TestFormatterFormatToken" name="test_timezone_formatter[Asia/Qostanay]" time="0.000" /><testcase classname="tests.test_formatter.TestFormatterFormatToken" name="test_timezone_formatter[Europe/Simferopol]" time="0.000" /><testcase classname="tests.test_formatter.TestFormatterFormatToken" name="test_timezone_formatter[Europe/Zaporozhye]" time="0.000" /><testcase classname="tests.test_formatter.TestFormatterFormatToken" name="test_timezone_formatter[Europe/Luxembourg]" time="0.000" /><testcase classname="tests.test_formatter.TestFormatterFormatToken" name="test_timezone_formatter[Europe/Monaco]" time="0.000" /><testcase classname="tests.test_formatter.TestFormatterFormatToken" name="test_timezone_formatter[Etc/GMT+2]" time="0.000" /><testcase classname="tests.test_formatter.TestFormatterFormatToken" name="test_timezone_formatter[Africa/Luanda]" time="0.000" /><testcase classname="tests.test_formatter.TestFormatterFormatToken" name="test_timezone_formatter[Europe/Dublin]" time="0.000" /><testcase classname="tests.test_formatter.TestFormatterFormatToken" name="test_timezone_formatter[Pacific/Palau]" time="0.000" /><testcase classname="tests.test_formatter.TestFormatterFormatToken" name="test_timezone_formatter[Etc/GMT+11]" time="0.000" /><testcase classname="tests.test_formatter.TestFormatterFormatToken" name="test_timezone_formatter[Etc/GMT+3]" time="0.000" /><testcase classname="tests.test_formatter.TestFormatterFormatToken" name="test_timezone_formatter[Asia/Shanghai]" time="0.000" /><testcase classname="tests.test_formatter.TestFormatterFormatToken" name="test_timezone_formatter[America/Nome]" time="0.000" /><testcase classname="tests.test_formatter.TestFormatterFormatToken" name="test_timezone_formatter[Asia/Qatar]" time="0.000" /><testcase classname="tests.test_formatter.TestFormatterFormatToken" name="test_timezone_formatter[Europe/Sofia]" time="0.000" /><testcase classname="tests.test_formatter.TestFormatterFormatToken" name="test_timezone_formatter[Africa/Casablanca]" time="0.000" /><testcase classname="tests.test_formatter.TestFormatterFormatToken" name="test_timezone_formatter[Europe/Budapest]" time="0.000" /><testcase classname="tests.test_formatter.TestFormatterFormatToken" name="test_timezone_formatter[America/Juneau]" time="0.000" /><testcase classname="tests.test_formatter.TestFormatterFormatToken" name="test_timezone_formatter[Europe/Belfast]" time="0.000" /><testcase classname="tests.test_formatter.TestFormatterFormatToken" name="test_timezone_formatter[Africa/Conakry]" time="0.000" /><testcase classname="tests.test_formatter.TestFormatterFormatToken" name="test_timezone_formatter[Australia/ACT]" time="0.000" /><testcase classname="tests.test_formatter.TestFormatterFormatToken" name="test_timezone_formatter[Iran]" time="0.000" /><testcase classname="tests.test_formatter.TestFormatterFormatToken" name="test_timezone_formatter[America/Argentina/Rio_Gallegos]" time="0.000" /><testcase classname="tests.test_formatter.TestFormatterFormatToken" name="test_timezone_formatter[Australia/Sydney]" time="0.000" /><testcase classname="tests.test_formatter.TestFormatterFormatToken" name="test_timezone_formatter[America/Argentina/San_Juan]" time="0.000" /><testcase classname="tests.test_formatter.TestFormatterFormatToken" name="test_timezone_formatter[America/Argentina/La_Rioja]" time="0.000" /><testcase classname="tests.test_formatter.TestFormatterFormatToken" name="test_timezone_formatter[Pacific/Kiritimati]" time="0.000" /><testcase classname="tests.test_formatter.TestFormatterFormatToken" name="test_timezone_formatter[America/Port_of_Spain]" time="0.000" /><testcase classname="tests.test_formatter.TestFormatterFormatToken" name="test_timezone_formatter[America/St_Lucia]" time="0.000" /><testcase classname="tests.test_formatter.TestFormatterFormatToken" name="test_timezone_formatter[Africa/Asmara]" time="0.000" /><testcase classname="tests.test_formatter.TestFormatterFormatToken" name="test_timezone_formatter[Pacific/Fiji]" time="0.000" /><testcase classname="tests.test_formatter.TestFormatterFormatToken" name="test_timezone_formatter[Australia/Melbourne]" time="0.000" /><testcase classname="tests.test_formatter.TestFormatterFormatToken" name="test_timezone_formatter[America/Toronto]" time="0.000" /><testcase classname="tests.test_formatter.TestFormatterFormatToken" name="test_timezone_formatter[America/Martinique]" time="0.000" /><testcase classname="tests.test_formatter.TestFormatterFormatToken" name="test_timezone_formatter[Asia/Manila]" time="0.000" /><testcase classname="tests.test_formatter.TestFormatterFormatToken" name="test_timezone_formatter[Asia/Ust-Nera]" time="0.000" /><testcase classname="tests.test_formatter.TestFormatterFormatToken" name="test_timezone_formatter[Portugal]" time="0.000" /><testcase classname="tests.test_formatter.TestFormatterFormatToken" name="test_timezone_formatter[America/Indiana/Petersburg]" time="0.000" /><testcase classname="tests.test_formatter.TestFormatterFormatToken" name="test_timezone_formatter[Etc/Zulu]" time="0.000" /><testcase classname="tests.test_formatter.TestFormatterFormatToken" name="test_timezone_formatter[America/Mazatlan]" time="0.000" /><testcase classname="tests.test_formatter.TestFormatterFormatToken" name="test_timezone_formatter[America/Lima]" time="0.000" /><testcase classname="tests.test_formatter.TestFormatterFormatToken" name="test_timezone_formatter[Asia/Bahrain]" time="0.000" /><testcase classname="tests.test_formatter.TestFormatterFormatToken" name="test_timezone_formatter[Asia/Jerusalem]" time="0.000" /><testcase classname="tests.test_formatter.TestFormatterFormatToken" name="test_timezone_formatter[Brazil/East]" time="0.000" /><testcase classname="tests.test_formatter.TestFormatterFormatToken" name="test_timezone_formatter[Africa/Ndjamena]" time="0.000" /><testcase classname="tests.test_formatter.TestFormatterFormatToken" name="test_timezone_formatter[Atlantic/Canary]" time="0.000" /><testcase classname="tests.test_formatter.TestFormatterFormatToken" name="test_timezone_formatter[Asia/Colombo]" time="0.000" /><testcase classname="tests.test_formatter.TestFormatterFormatToken" name="test_timezone_formatter[America/Argentina/Tucuman]" time="0.000" /><testcase classname="tests.test_formatter.TestFormatterFormatToken" name="test_timezone_formatter[America/Dominica]" time="0.000" /><testcase classname="tests.test_formatter.TestFormatterFormatToken" name="test_timezone_formatter[Africa/Sao_Tome]" time="0.000" /><testcase classname="tests.test_formatter.TestFormatterFormatToken" name="test_timezone_formatter[Europe/Skopje]" time="0.000" /><testcase classname="tests.test_formatter.TestFormatterFormatToken" name="test_timezone_formatter[America/Montserrat]" time="0.000" /><testcase classname="tests.test_formatter.TestFormatterFormatToken" name="test_timezone_formatter[America/Rankin_Inlet]" time="0.000" /><testcase classname="tests.test_formatter.TestFormatterFormatToken" name="test_timezone_formatter[Pacific/Pago_Pago]" time="0.000" /><testcase classname="tests.test_formatter.TestFormatterFormatToken" name="test_timezone_formatter[America/Antigua]" time="0.000" /><testcase classname="tests.test_formatter.TestFormatterFormatToken" name="test_timezone_formatter[Etc/GMT+5]" time="0.000" /><testcase classname="tests.test_formatter.TestFormatterFormatToken" name="test_timezone_formatter[America/Belem]" time="0.000" /><testcase classname="tests.test_formatter.TestFormatterFormatToken" name="test_timezone_formatter[Asia/Krasnoyarsk]" time="0.000" /><testcase classname="tests.test_formatter.TestFormatterFormatToken" name="test_timezone_formatter[Indian/Comoro]" time="0.000" /><testcase classname="tests.test_formatter.TestFormatterFormatToken" name="test_timezone_formatter[America/Swift_Current]" time="0.001" /><testcase classname="tests.test_formatter.TestFormatterFormatToken" name="test_timezone_formatter[Europe/Berlin]" time="0.000" /><testcase classname="tests.test_formatter.TestFormatterFormatToken" name="test_timezone_formatter[Asia/Dhaka]" time="0.000" /><testcase classname="tests.test_formatter.TestFormatterFormatToken" name="test_timezone_formatter[America/Argentina/Salta]" time="0.001" /><testcase classname="tests.test_formatter.TestFormatterFormatToken" name="test_timezone_formatter[Eire]" time="0.000" /><testcase classname="tests.test_formatter.TestFormatterFormatToken" name="test_timezone_formatter[America/Tijuana]" time="0.000" /><testcase classname="tests.test_formatter.TestFormatterFormatToken" name="test_timezone_formatter[Asia/Kuching]" time="0.000" /><testcase classname="tests.test_formatter.TestFormatterFormatToken" name="test_timezone_formatter[Asia/Macao]" time="0.000" /><testcase classname="tests.test_formatter.TestFormatterFormatToken" name="test_timezone_formatter[EST]" time="0.000" /><testcase classname="tests.test_formatter.TestFormatterFormatToken" name="test_timezone_formatter[Israel]" time="0.000" /><testcase classname="tests.test_formatter.TestFormatterFormatToken" name="test_timezone_formatter[America/Indiana/Marengo]" time="0.000" /><testcase classname="tests.test_formatter.TestFormatterFormatToken" name="test_timezone_formatter[Pacific/Funafuti]" time="0.000" /><testcase classname="tests.test_formatter.TestFormatterFormatToken" name="test_timezone_formatter[Atlantic/South_Georgia]" time="0.000" /><testcase classname="tests.test_formatter.TestFormatterFormatToken" name="test_timezone_formatter[Africa/Algiers]" time="0.000" /><testcase classname="tests.test_formatter.TestFormatterFormatToken" name="test_timezone_formatter[Australia/Queensland]" time="0.000" /><testcase classname="tests.test_formatter.TestFormatterFormatToken" name="test_timezone_formatter[Antarctica/Troll]" time="0.000" /><testcase classname="tests.test_formatter.TestFormatterFormatToken" name="test_timezone_formatter[Asia/Baku]" time="0.000" /><testcase classname="tests.test_formatter.TestFormatterFormatToken" name="test_timezone_formatter[Asia/Ho_Chi_Minh]" time="0.000" /><testcase classname="tests.test_formatter.TestFormatterFormatToken" name="test_timezone_formatter[America/Inuvik]" time="0.000" /><testcase classname="tests.test_formatter.TestFormatterFormatToken" name="test_timezone_formatter[US/Central]" time="0.000" /><testcase classname="tests.test_formatter.TestFormatterFormatToken" name="test_timezone_formatter[Etc/GMT-7]" time="0.000" /><testcase classname="tests.test_formatter.TestFormatterFormatToken" name="test_timezone_formatter[America/Noronha]" time="0.000" /><testcase classname="tests.test_formatter.TestFormatterFormatToken" name="test_timezone_formatter[Europe/Busingen]" time="0.000" /><testcase classname="tests.test_formatter.TestFormatterFormatToken" name="test_timezone_formatter[Asia/Thimbu]" time="0.000" /><testcase classname="tests.test_formatter.TestFormatterFormatToken" name="test_timezone_formatter[America/Bahia]" time="0.000" /><testcase classname="tests.test_formatter.TestFormatterFormatToken" name="test_timezone_formatter[Asia/Anadyr]" time="0.000" /><testcase classname="tests.test_formatter.TestFormatterFormatToken" name="test_timezone_formatter[America/Shiprock]" time="0.000" /><testcase classname="tests.test_formatter.TestFormatterFormatToken" name="test_timezone_formatter[America/New_York]" time="0.000" /><testcase classname="tests.test_formatter.TestFormatterFormatToken" name="test_timezone_formatter[Europe/Volgograd]" time="0.000" /><testcase classname="tests.test_formatter.TestFormatterFormatToken" name="test_timezone_formatter[Canada/Newfoundland]" time="0.000" /><testcase classname="tests.test_formatter.TestFormatterFormatToken" name="test_timezone_formatter[Mexico/BajaNorte]" time="0.000" /><testcase classname="tests.test_formatter.TestFormatterFormatToken" name="test_timezone_formatter[America/Araguaina]" time="0.000" /><testcase classname="tests.test_formatter.TestFormatterFormatToken" name="test_timezone_formatter[Etc/GMT-11]" time="0.000" /><testcase classname="tests.test_formatter.TestFormatterFormatToken" name="test_timezone_formatter[America/St_Vincent]" time="0.000" /><testcase classname="tests.test_formatter.TestFormatterFormatToken" name="test_timezone_formatter[Asia/Kuwait]" time="0.000" /><testcase classname="tests.test_formatter.TestFormatterFormatToken" name="test_timezone_formatter[Pacific/Tahiti]" time="0.000" /><testcase classname="tests.test_formatter.TestFormatterFormatToken" name="test_timezone_formatter[US/Arizona]" time="0.000" /><testcase classname="tests.test_formatter.TestFormatterFormatToken" name="test_timezone_formatter[Asia/Aqtobe]" time="0.000" /><testcase classname="tests.test_formatter.TestFormatterFormatToken" name="test_timezone_formatter[Etc/UTC]" time="0.000" /><testcase classname="tests.test_formatter.TestFormatterFormatToken" name="test_timezone_formatter[Singapore]" time="0.000" /><testcase classname="tests.test_formatter.TestFormatterFormatToken" name="test_timezone_formatter[Asia/Yakutsk]" time="0.000" /><testcase classname="tests.test_formatter.TestFormatterFormatToken" name="test_timezone_formatter[America/Boise]" time="0.000" /><testcase classname="tests.test_formatter.TestFormatterFormatToken" name="test_timezone_formatter[GB-Eire]" time="0.000" /><testcase classname="tests.test_formatter.TestFormatterFormatToken" name="test_timezone_formatter[Africa/Monrovia]" time="0.000" /><testcase classname="tests.test_formatter.TestFormatterFormatToken" name="test_timezone_formatter[Europe/Oslo]" time="0.000" /><testcase classname="tests.test_formatter.TestFormatterFormatToken" name="test_timezone_formatter[America/Maceio]" time="0.000" /><testcase classname="tests.test_formatter.TestFormatterFormatToken" name="test_timezone_formatter[America/Jamaica]" time="0.000" /><testcase classname="tests.test_formatter.TestFormatterFormatToken" name="test_timezone_formatter[MST7MDT]" time="0.000" /><testcase classname="tests.test_formatter.TestFormatterFormatToken" name="test_timezone_formatter[Etc/GMT+7]" time="0.000" /><testcase classname="tests.test_formatter.TestFormatterFormatToken" name="test_timezone_formatter[Australia/Brisbane]" time="0.000" /><testcase classname="tests.test_formatter.TestFormatterFormatToken" name="test_timezone_formatter[America/Guayaquil]" time="0.000" /><testcase classname="tests.test_formatter.TestFormatterFormatToken" name="test_timezone_formatter[Australia/Currie]" time="0.000" /><testcase classname="tests.test_formatter.TestFormatterFormatToken" name="test_timezone_formatter[Asia/Ujung_Pandang]" time="0.000" /><testcase classname="tests.test_formatter.TestFormatterFormatToken" name="test_timezone_formatter[US/Pacific]" time="0.000" /><testcase classname="tests.test_formatter.TestFormatterFormatToken" name="test_timezone_formatter[Turkey]" time="0.000" /><testcase classname="tests.test_formatter.TestFormatterFormatToken" name="test_timezone_formatter[Etc/GMT-14]" time="0.000" /><testcase classname="tests.test_formatter.TestFormatterFormatToken" name="test_timezone_formatter[Africa/Asmera]" time="0.000" /><testcase classname="tests.test_formatter.TestFormatterFormatToken" name="test_timezone_formatter[Asia/Kashgar]" time="0.000" /><testcase classname="tests.test_formatter.TestFormatterFormatToken" name="test_timezone_formatter[America/Cordoba]" time="0.000" /><testcase classname="tests.test_formatter.TestFormatterFormatToken" name="test_timezone_formatter[Pacific/Port_Moresby]" time="0.000" /><testcase classname="tests.test_formatter.TestFormatterFormatToken" name="test_timezone_formatter[Pacific/Fakaofo]" time="0.000" /><testcase classname="tests.test_formatter.TestFormatterFormatToken" name="test_timezone_formatter[Africa/Libreville]" time="0.000" /><testcase classname="tests.test_formatter.TestFormatterFormatToken" name="test_timezone_formatter[Asia/Magadan]" time="0.000" /><testcase classname="tests.test_formatter.TestFormatterFormatToken" name="test_timezone_formatter[Europe/Astrakhan]" time="0.000" /><testcase classname="tests.test_formatter.TestFormatterFormatToken" name="test_timezone_formatter[Poland]" time="0.000" /><testcase classname="tests.test_formatter.TestFormatterFormatToken" name="test_timezone_formatter[Europe/Lisbon]" time="0.000" /><testcase classname="tests.test_formatter.TestFormatterFormatToken" name="test_timezone_formatter[Africa/Abidjan]" time="0.000" /><testcase classname="tests.test_formatter.TestFormatterFormatToken" name="test_timezone_formatter[Europe/Amsterdam]" time="0.000" /><testcase classname="tests.test_formatter.TestFormatterFormatToken" name="test_timezone_formatter[Europe/Ljubljana]" time="0.000" /><testcase classname="tests.test_formatter.TestFormatterFormatToken" name="test_timezone_formatter[America/Grenada]" time="0.000" /><testcase classname="tests.test_formatter.TestFormatterFormatToken" name="test_timezone_formatter[Asia/Calcutta]" time="0.000" /><testcase classname="tests.test_formatter.TestFormatterFormatToken" name="test_timezone_formatter[Asia/Baghdad]" time="0.000" /><testcase classname="tests.test_formatter.TestFormatterFormatToken" name="test_timezone_formatter[GMT+0]" time="0.000" /><testcase classname="tests.test_formatter.TestFormatterFormatToken" name="test_timezone_formatter[HST]" time="0.000" /><testcase classname="tests.test_formatter.TestFormatterFormatToken" name="test_timezone_formatter[America/Sao_Paulo]" time="0.000" /><testcase classname="tests.test_formatter.TestFormatterFormatToken" name="test_timezone_formatter[Atlantic/Jan_Mayen]" time="0.000" /><testcase classname="tests.test_formatter.TestFormatterFormatToken" name="test_timezone_formatter[Pacific/Norfolk]" time="0.000" /><testcase classname="tests.test_formatter.TestFormatterFormatToken" name="test_timezone_formatter[Pacific/Chuuk]" time="0.000" /><testcase classname="tests.test_formatter.TestFormatterFormatToken" name="test_timezone_formatter[Asia/Riyadh]" time="0.000" /><testcase classname="tests.test_formatter.TestFormatterFormatToken" name="test_timezone_formatter[Africa/Lubumbashi]" time="0.000" /><testcase classname="tests.test_formatter.TestFormatterFormatToken" name="test_timezone_formatter[ROK]" time="0.000" /><testcase classname="tests.test_formatter.TestFormatterFormatToken" name="test_timezone_formatter[America/Argentina/Ushuaia]" time="0.000" /><testcase classname="tests.test_formatter.TestFormatterFormatToken" name="test_timezone_formatter[Europe/Kiev]" time="0.000" /><testcase classname="tests.test_formatter.TestFormatterFormatToken" name="test_timezone_formatter[America/Eirunepe]" time="0.000" /><testcase classname="tests.test_formatter.TestFormatterFormatToken" name="test_timezone_formatter[America/Cayman]" time="0.000" /><testcase classname="tests.test_formatter.TestFormatterFormatToken" name="test_timezone_formatter[America/Yakutat]" time="0.000" /><testcase classname="tests.test_formatter.TestFormatterFormatToken" name="test_timezone_formatter[Hongkong]" time="0.000" /><testcase classname="tests.test_formatter.TestFormatterFormatToken" name="test_timezone_formatter[Asia/Tashkent]" time="0.000" /><testcase classname="tests.test_formatter.TestFormatterFormatToken" name="test_timezone_formatter[Indian/Chagos]" time="0.000" /><testcase classname="tests.test_formatter.TestFormatterFormatToken" name="test_timezone_formatter[Africa/Mbabane]" time="0.000" /><testcase classname="tests.test_formatter.TestFormatterFormatToken" name="test_timezone_formatter[Asia/Seoul]" time="0.000" /><testcase classname="tests.test_formatter.TestFormatterFormatToken" name="test_timezone_formatter[America/Barbados]" time="0.000" /><testcase classname="tests.test_formatter.TestFormatterFormatToken" name="test_timezone_formatter[Africa/Harare]" time="0.000" /><testcase classname="tests.test_formatter.TestFormatterFormatToken" name="test_timezone_formatter[Pacific/Galapagos]" time="0.000" /><testcase classname="tests.test_formatter.TestFormatterFormatToken" name="test_timezone_formatter[Asia/Istanbul]" time="0.000" /><testcase classname="tests.test_formatter.TestFormatterFormatToken" name="test_timezone_formatter[America/Scoresbysund]" time="0.000" /><testcase classname="tests.test_formatter.TestFormatterFormatToken" name="test_timezone_formatter[Asia/Kabul]" time="0.000" /><testcase classname="tests.test_formatter.TestFormatterFormatToken" name="test_timezone_formatter[America/Tegucigalpa]" time="0.000" /><testcase classname="tests.test_formatter.TestFormatterFormatToken" name="test_timezone_formatter[Africa/Dakar]" time="0.000" /><testcase classname="tests.test_formatter.TestFormatterFormatToken" name="test_timezone_formatter[Asia/Novokuznetsk]" time="0.000" /><testcase classname="tests.test_formatter.TestFormatterFormatToken" name="test_timezone_formatter[America/Rio_Branco]" time="0.000" /><testcase classname="tests.test_formatter.TestFormatterFormatToken" name="test_timezone_formatter[EET]" time="0.000" /><testcase classname="tests.test_formatter.TestFormatterFormatToken" name="test_timezone_formatter[Europe/Tiraspol]" time="0.000" /><testcase classname="tests.test_formatter.TestFormatterFormatToken" name="test_timezone_formatter[Europe/Stockholm]" time="0.007" /><testcase classname="tests.test_formatter.TestFormatterFormatToken" name="test_timezone_formatter[Pacific/Pitcairn]" time="0.000" /><testcase classname="tests.test_formatter.TestFormatterFormatToken" name="test_timezone_formatter[America/Boa_Vista]" time="0.000" /><testcase classname="tests.test_formatter.TestFormatterFormatToken" name="test_timezone_formatter[Antarctica/Davis]" time="0.000" /><testcase classname="tests.test_formatter.TestFormatterFormatToken" name="test_timezone_formatter[America/Metlakatla]" time="0.000" /><testcase classname="tests.test_formatter.TestFormatterFormatToken" name="test_timezone_formatter[Asia/Aqtau]" time="0.000" /><testcase classname="tests.test_formatter.TestFormatterFormatToken" name="test_timezone_formatter[Australia/LHI]" time="0.000" /><testcase classname="tests.test_formatter.TestFormatterFormatToken" name="test_timezone_formatter[Antarctica/Casey]" time="0.000" /><testcase classname="tests.test_formatter.TestFormatterFormatToken" name="test_timezone_formatter[Asia/Chita]" time="0.000" /><testcase classname="tests.test_formatter.TestFormatterFormatToken" name="test_timezone_formatter[America/Vancouver]" time="0.000" /><testcase classname="tests.test_formatter.TestFormatterFormatToken" name="test_timezone_formatter[Atlantic/Bermuda]" time="0.000" /><testcase classname="tests.test_formatter.TestFormatterFormatToken" name="test_timezone_formatter[America/Glace_Bay]" time="0.000" /><testcase classname="tests.test_formatter.TestFormatterFormatToken" name="test_timezone_formatter[Europe/Isle_of_Man]" time="0.000" /><testcase classname="tests.test_formatter.TestFormatterFormatToken" name="test_timezone_formatter[Etc/GMT-2]" time="0.000" /><testcase classname="tests.test_formatter.TestFormatterFormatToken" name="test_timezone_formatter[Pacific/Easter]" time="0.000" /><testcase classname="tests.test_formatter.TestFormatterFormatToken" name="test_timezone_formatter[Europe/Vilnius]" time="0.000" /><testcase classname="tests.test_formatter.TestFormatterFormatToken" name="test_timezone_formatter[America/Coyhaique]" time="0.000" /><testcase classname="tests.test_formatter.TestFormatterFormatToken" name="test_timezone_formatter[America/Atikokan]" time="0.000" /><testcase classname="tests.test_formatter.TestFormatterFormatToken" name="test_timezone_formatter[Asia/Irkutsk]" time="0.000" /><testcase classname="tests.test_formatter.TestFormatterFormatToken" name="test_timezone_formatter[Indian/Christmas]" time="0.000" /><testcase classname="tests.test_formatter.TestFormatterFormatToken" name="test_timezone_formatter[Asia/Urumqi]" time="0.000" /><testcase classname="tests.test_formatter.TestFormatterFormatToken" name="test_timezone_formatter[Asia/Atyrau]" time="0.000" /><testcase classname="tests.test_formatter.TestFormatterFormatToken" name="test_timezone_formatter[Africa/Bissau]" time="0.000" /><testcase classname="tests.test_formatter.TestFormatterFormatToken" name="test_timezone_formatter[America/Sitka]" time="0.000" /><testcase classname="tests.test_formatter.TestFormatterFormatToken" name="test_timezone_formatter[Europe/Tirane]" time="0.000" /><testcase classname="tests.test_formatter.TestFormatterFormatToken" name="test_timezone_formatter[Australia/Perth]" time="0.000" /><testcase classname="tests.test_formatter.TestFormatterFormatToken" name="test_timezone_formatter[Iceland]" time="0.000" /><testcase classname="tests.test_formatter.TestFormatterFormatToken" name="test_timezone_formatter[Africa/Lusaka]" time="0.000" /><testcase classname="tests.test_formatter.TestFormatterFormatToken" name="test_timezone_formatter[America/Winnipeg]" time="0.000" /><testcase classname="tests.test_formatter.TestFormatterFormatToken" name="test_timezone_formatter[Etc/GMT-1]" time="0.000" /><testcase classname="tests.test_formatter.TestFormatterFormatToken" name="test_timezone_formatter[Atlantic/Cape_Verde]" time="0.000" /><testcase classname="tests.test_formatter.TestFormatterFormatToken" name="test_timezone_formatter[Pacific/Johnston]" time="0.000" /><testcase classname="tests.test_formatter.TestFormatterFormatToken" name="test_timezone_formatter[Africa/Douala]" time="0.000" /><testcase classname="tests.test_formatter.TestFormatterFormatToken" name="test_timezone_formatter[Asia/Ulan_Bator]" time="0.000" /><testcase classname="tests.test_formatter.TestFormatterFormatToken" name="test_timezone_formatter[Atlantic/Stanley]" time="0.000" /><testcase classname="tests.test_formatter.TestFormatterFormatToken" name="test_timezone_formatter[Pacific/Wallis]" time="0.000" /><testcase classname="tests.test_formatter.TestFormatterFormatToken" name="test_timezone_formatter[GMT-0]" time="0.000" /><testcase classname="tests.test_formatter.TestFormatterFormatToken" name="test_timezone_formatter[America/Fortaleza]" time="0.000" /><testcase classname="tests.test_formatter.TestFormatterFormatToken" name="test_timezone_formatter[Asia/Aden]" time="0.000" /><testcase classname="tests.test_formatter.TestFormatterFormatToken" name="test_timezone_formatter[Africa/Timbuktu]" time="0.000" /><testcase classname="tests.test_formatter.TestFormatterFormatToken" name="test_timezone_formatter[Indian/Maldives]" time="0.000" /><testcase classname="tests.test_formatter.TestFormatterFormatToken" name="test_timezone_formatter[Asia/Hebron]" time="0.000" /><testcase classname="tests.test_formatter.TestFormatterFormatToken" name="test_timezone_formatter[Africa/Maputo]" time="0.000" /><testcase classname="tests.test_formatter.TestFormatterFormatToken" name="test_timezone_formatter[Europe/Tallinn]" time="0.000" /><testcase classname="tests.test_formatter.TestFormatterFormatToken" name="test_timezone_formatter[Pacific/Auckland]" time="0.000" /><testcase classname="tests.test_formatter.TestFormatterFormatToken" name="test_timezone_formatter[Africa/Ceuta]" time="0.000" /><testcase classname="tests.test_formatter.TestFormatterFormatToken" name="test_timezone_formatter[America/Cuiaba]" time="0.000" /><testcase classname="tests.test_formatter.TestFormatterFormatToken" name="test_timezone_formatter[Asia/Famagusta]" time="0.000" /><testcase classname="tests.test_formatter.TestFormatterFormatToken" name="test_timezone_formatter[Australia/Victoria]" time="0.000" /><testcase classname="tests.test_formatter.TestFormatterFormatToken" name="test_timezone_formatter[Etc/GMT+1]" time="0.000" /><testcase classname="tests.test_formatter.TestFormatterFormatToken" name="test_timezone_formatter[Asia/Dacca]" time="0.000" /><testcase classname="tests.test_formatter.TestFormatterFormatToken" name="test_timezone_formatter[US/Mountain]" time="0.000" /><testcase classname="tests.test_formatter.TestFormatterFormatToken" name="test_timezone_formatter[Asia/Jayapura]" time="0.000" /><testcase classname="tests.test_formatter.TestFormatterFormatToken" name="test_timezone_formatter[Asia/Bishkek]" time="0.000" /><testcase classname="tests.test_formatter.TestFormatterFormatToken" name="test_timezone_formatter[America/Managua]" time="0.000" /><testcase classname="tests.test_formatter.TestFormatterFormatToken" name="test_timezone_formatter[CET]" time="0.000" /><testcase classname="tests.test_formatter.TestFormatterFormatToken" name="test_timezone_formatter[America/Thunder_Bay]" time="0.000" /><testcase classname="tests.test_formatter.TestFormatterFormatToken" name="test_timezone_formatter[America/La_Paz]" time="0.000" /><testcase classname="tests.test_formatter.TestFormatterFormatToken" name="test_timezone_formatter[America/Monterrey]" time="0.000" /><testcase classname="tests.test_formatter.TestFormatterFormatToken" name="test_timezone_formatter[Etc/GMT-0]" time="0.000" /><testcase classname="tests.test_formatter.TestFormatterFormatToken" name="test_timezone_formatter[America/Cayenne]" time="0.000" /><testcase classname="tests.test_formatter.TestFormatterFormatToken" name="test_timezone_formatter[Etc/GMT0]" time="0.000" /><testcase classname="tests.test_formatter.TestFormatterFormatToken" name="test_timezone_formatter[America/Indianapolis]" time="0.000" /><testcase classname="tests.test_formatter.TestFormatterFormatToken" name="test_timezone_formatter[Asia/Vladivostok]" time="0.000" /><testcase classname="tests.test_formatter.TestFormatterFormatToken" name="test_timezone_formatter[Mexico/BajaSur]" time="0.000" /><testcase classname="tests.test_formatter.TestFormatterFormatToken" name="test_timezone_formatter[Africa/Kinshasa]" time="0.000" /><testcase classname="tests.test_formatter.TestFormatterFormatToken" name="test_timezone_formatter[Africa/Johannesburg]" time="0.000" /><testcase classname="tests.test_formatter.TestFormatterFormatToken" name="test_timezone_formatter[Etc/GMT+6]" time="0.000" /><testcase classname="tests.test_formatter.TestFormatterFormatToken" name="test_timezone_formatter[America/Paramaribo]" time="0.000" /><testcase classname="tests.test_formatter.TestFormatterFormatToken" name="test_timezone_formatter[Asia/Karachi]" time="0.000" /><testcase classname="tests.test_formatter.TestFormatterFormatToken" name="test_timezone_formatter[America/Indiana/Tell_City]" time="0.000" /><testcase classname="tests.test_formatter.TestFormatterFormatToken" name="test_timezone_formatter[PRC]" time="0.000" /><testcase classname="tests.test_formatter.TestFormatterFormatToken" name="test_timezone_formatter[Canada/Eastern]" time="0.000" /><testcase classname="tests.test_formatter.TestFormatterFormatToken" name="test_timezone_formatter[Africa/Khartoum]" time="0.000" /><testcase classname="tests.test_formatter.TestFormatterFormatToken" name="test_timezone_formatter[Australia/South]" time="0.000" /><testcase classname="tests.test_formatter.TestFormatterFormatToken" name="test_timezone_formatter[Europe/Prague]" time="0.000" /><testcase classname="tests.test_formatter.TestFormatterFormatToken" name="test_timezone_formatter[Pacific/Bougainville]" time="0.000" /><testcase classname="tests.test_formatter.TestFormatterFormatToken" name="test_timezone_formatter[America/Guatemala]" time="0.000" /><testcase classname="tests.test_formatter.TestFormatterFormatToken" name="test_timezone_formatter[Europe/Belgrade]" time="0.000" /><testcase classname="tests.test_formatter.TestFormatterFormatToken" name="test_timezone_formatter[Pacific/Tarawa]" time="0.000" /><testcase classname="tests.test_formatter.TestFormatterFormatToken" name="test_timezone_formatter[Asia/Oral]" time="0.000" /><testcase classname="tests.test_formatter.TestFormatterFormatToken" name="test_timezone_formatter[America/Indiana/Indianapolis]" time="0.000" /><testcase classname="tests.test_formatter.TestFormatterFormatToken" name="test_timezone_formatter[Atlantic/St_Helena]" time="0.000" /><testcase classname="tests.test_formatter.TestFormatterFormatToken" name="test_timezone_formatter[Atlantic/Madeira]" time="0.000" /><testcase classname="tests.test_formatter.TestFormatterFormatToken" name="test_timezone_formatter[America/Cambridge_Bay]" time="0.000" /><testcase classname="tests.test_formatter.TestFormatterFormatToken" name="test_timezone_formatter[Pacific/Midway]" time="0.000" /><testcase classname="tests.test_formatter.TestFormatterFormatToken" name="test_timezone_formatter[Europe/Paris]" time="0.000" /><testcase classname="tests.test_formatter.TestFormatterFormatToken" name="test_timezone_formatter[Europe/Podgorica]" time="0.000" /><testcase classname="tests.test_formatter.TestFormatterFormatToken" name="test_timezone_formatter[Asia/Amman]" time="0.000" /><testcase classname="tests.test_formatter.TestFormatterFormatToken" name="test_timezone_formatter[Europe/Brussels]" time="0.000" /><testcase classname="tests.test_formatter.TestFormatterFormatToken" name="test_timezone_formatter[Asia/Novosibirsk]" time="0.000" /><testcase classname="tests.test_formatter.TestFormatterFormatToken" name="test_timezone_formatter[Chile/Continental]" time="0.000" /><testcase classname="tests.test_formatter.TestFormatterFormatToken" name="test_timezone_formatter[NZ-CHAT]" time="0.000" /><testcase classname="tests.test_formatter.TestFormatterFormatToken" name="test_timezone_formatter[America/Adak]" time="0.000" /><testcase classname="tests.test_formatter.TestFormatterFormatToken" name="test_timezone_formatter[Asia/Yekaterinburg]" time="0.000" /><testcase classname="tests.test_formatter.TestFormatterFormatToken" name="test_timezone_formatter[Asia/Chongqing]" time="0.000" /><testcase classname="tests.test_formatter.TestFormatterFormatToken" name="test_timezone_formatter[ROC]" time="0.000" /><testcase classname="tests.test_formatter.TestFormatterFormatToken" name="test_timezone_formatter[Africa/El_Aaiun]" time="0.000" /><testcase classname="tests.test_formatter.TestFormatterFormatToken" name="test_timezone_formatter[America/Bogota]" time="0.000" /><testcase classname="tests.test_formatter.TestFormatterFormatToken" name="test_timezone_formatter[America/Fort_Nelson]" time="0.000" /><testcase classname="tests.test_formatter.TestFormatterFormatToken" name="test_timezone_formatter[NZ]" time="0.000" /><testcase classname="tests.test_formatter.TestFormatterFormatToken" name="test_timezone_formatter[Europe/Riga]" time="0.000" /><testcase classname="tests.test_formatter.TestFormatterFormatToken" name="test_timezone_formatter[America/Kralendijk]" time="0.000" /><testcase classname="tests.test_formatter.TestFormatterFormatToken" name="test_timezone_formatter[Europe/Vaduz]" time="0.000" /><testcase classname="tests.test_formatter.TestFormatterFormatToken" name="test_timezone_formatter[Chile/EasterIsland]" time="0.000" /><testcase classname="tests.test_formatter.TestFormatterFormatToken" name="test_timezone_formatter[Africa/Mogadishu]" time="0.000" /><testcase classname="tests.test_formatter.TestFormatterFormatToken" name="test_timezone_formatter[Canada/Atlantic]" time="0.000" /><testcase classname="tests.test_formatter.TestFormatterFormatToken" name="test_timezone_formatter[Africa/Kampala]" time="0.000" /><testcase classname="tests.test_formatter.TestFormatterFormatToken" name="test_timezone_formatter[Africa/Malabo]" time="0.000" /><testcase classname="tests.test_formatter.TestFormatterFormatToken" name="test_timezone_formatter[Europe/Athens]" time="0.000" /><testcase classname="tests.test_formatter.TestFormatterFormatToken" name="test_timezone_formatter[UCT]" time="0.000" /><testcase classname="tests.test_formatter.TestFormatterFormatToken" name="test_timezone_formatter[Africa/Nouakchott]" time="0.000" /><testcase classname="tests.test_formatter.TestFormatterFormatToken" name="test_timezone_formatter[Europe/Kaliningrad]" time="0.000" /><testcase classname="tests.test_formatter.TestFormatterFormatToken" name="test_timezone_formatter[
[...]
t_parse_tz_name_zzz[America/Port-au-Prince]" time="0.000" /><testcase classname="tests.test_parser.TestDateTimeParserParse" name="test_parse_tz_name_zzz[Europe/Sarajevo]" time="0.000" /><testcase classname="tests.test_parser.TestDateTimeParserParse" name="test_parse_tz_name_zzz[America/Manaus]" time="0.000" /><testcase classname="tests.test_parser.TestDateTimeParserParse" name="test_parse_tz_name_zzz[W-SU]" time="0.000" /><testcase classname="tests.test_parser.TestDateTimeParserParse" name="test_parse_tz_name_zzz[America/Santa_Isabel]" time="0.000" /><testcase classname="tests.test_parser.TestDateTimeParserParse" name="test_parse_tz_name_zzz[Atlantic/Reykjavik]" time="0.000" /><testcase classname="tests.test_parser.TestDateTimeParserParse" name="test_parse_tz_name_zzz[Pacific/Tongatapu]" time="0.000" /><testcase classname="tests.test_parser.TestDateTimeParserParse" name="test_parse_tz_name_zzz[Europe/Andorra]" time="0.000" /><testcase classname="tests.test_parser.TestDateTimeParserParse" name="test_parse_tz_name_zzz[GMT0]" time="0.000" /><testcase classname="tests.test_parser.TestDateTimeParserParse" name="test_parse_tz_name_zzz[Pacific/Enderbury]" time="0.000" /><testcase classname="tests.test_parser.TestDateTimeParserParse" name="test_parse_tz_name_zzz[Etc/GMT]" time="0.000" /><testcase classname="tests.test_parser.TestDateTimeParserParse" name="test_parse_tz_name_zzz[Etc/Greenwich]" time="0.000" /><testcase classname="tests.test_parser.TestDateTimeParserParse" name="test_parse_tz_name_zzz[Indian/Reunion]" time="0.000" /><testcase classname="tests.test_parser.TestDateTimeParserParse" name="test_parse_tz_name_zzz[Europe/Kirov]" time="0.000" /><testcase classname="tests.test_parser.TestDateTimeParserParse" name="test_parse_tz_name_zzz[America/Knox_IN]" time="0.000" /><testcase classname="tests.test_parser.TestDateTimeParserParse" name="test_parse_tz_name_zzz[Jamaica]" time="0.000" /><testcase classname="tests.test_parser.TestDateTimeParserParse" name="test_parse_tz_name_zzz[Asia/Pyongyang]" time="0.000" /><testcase classname="tests.test_parser.TestDateTimeParserParse" name="test_parse_tz_name_zzz[Europe/Vatican]" time="0.000" /><testcase classname="tests.test_parser.TestDateTimeParserParse" name="test_parse_tz_name_zzz[Etc/GMT+0]" time="0.000" /><testcase classname="tests.test_parser.TestDateTimeParserParse" name="test_parse_tz_name_zzz[Asia/Macau]" time="0.000" /><testcase classname="tests.test_parser.TestDateTimeParserParse" name="test_parse_tz_name_zzz[Asia/Beirut]" time="0.000" /><testcase classname="tests.test_parser.TestDateTimeParserParse" name="test_parse_tz_name_zzz[America/St_Johns]" time="0.000" /><testcase classname="tests.test_parser.TestDateTimeParserParse" name="test_parse_tz_name_zzz[Asia/Tehran]" time="0.000" /><testcase classname="tests.test_parser.TestDateTimeParserParse" name="test_parse_tz_name_zzz[US/Aleutian]" time="0.000" /><testcase classname="tests.test_parser.TestDateTimeParserParse" name="test_parse_tz_name_zzz[America/Edmonton]" time="0.000" /><testcase classname="tests.test_parser.TestDateTimeParserParse" name="test_parse_tz_name_zzz[America/Argentina/Buenos_Aires]" time="0.000" /><testcase classname="tests.test_parser.TestDateTimeParserParse" name="test_parse_tz_name_zzz[America/Rainy_River]" time="0.000" /><testcase classname="tests.test_parser.TestDateTimeParserParse" name="test_parse_tz_name_zzz[America/Ojinaga]" time="0.000" /><testcase classname="tests.test_parser.TestDateTimeParserParse" name="test_parse_tz_name_zzz[Asia/Vientiane]" time="0.000" /><testcase classname="tests.test_parser.TestDateTimeParserParse" name="test_parse_tz_name_zzz[America/Matamoros]" time="0.000" /><testcase classname="tests.test_parser.TestDateTimeParserParse" name="test_parse_tz_name_zzz[Indian/Mauritius]" time="0.000" /><testcase classname="tests.test_parser.TestDateTimeParserParse" name="test_parse_tz_name_zzz[America/Halifax]" time="0.000" /><testcase classname="tests.test_parser.TestDateTimeParserParse" name="test_parse_tz_name_zzz[America/Tortola]" time="0.000" /><testcase classname="tests.test_parser.TestDateTimeParserParse" name="test_parse_tz_name_zzz[America/Creston]" time="0.000" /><testcase classname="tests.test_parser.TestDateTimeParserParse" name="test_parse_tz_name_zzz[Asia/Barnaul]" time="0.000" /><testcase classname="tests.test_parser.TestDateTimeParserParse" name="test_parse_tz_name_zzz[America/Anchorage]" time="0.000" /><testcase classname="tests.test_parser.TestDateTimeParserParse" name="test_parse_tz_name_zzz[Europe/Moscow]" time="0.000" /><testcase classname="tests.test_parser.TestDateTimeParserParse" name="test_parse_tz_name_zzz[Europe/San_Marino]" time="0.000" /><testcase classname="tests.test_parser.TestDateTimeParserParse" name="test_parse_tz_name_zzz[Antarctica/South_Pole]" time="0.000" /><testcase classname="tests.test_parser.TestDateTimeParserParse" name="test_parse_tz_name_zzz[America/Argentina/Mendoza]" time="0.000" /><testcase classname="tests.test_parser.TestDateTimeParserParse" name="test_parse_tz_name_zzz[Africa/Bangui]" time="0.000" /><testcase classname="tests.test_parser.TestDateTimeParserParse" name="test_parse_tz_name_zzz[UTC]" time="0.000" /><testcase classname="tests.test_parser.TestDateTimeParserParse" name="test_parse_tz_name_zzz[Etc/GMT-12]" time="0.000" /><testcase classname="tests.test_parser.TestDateTimeParserParse" name="test_parse_tz_name_zzz[Africa/Dar_es_Salaam]" time="0.000" /><testcase classname="tests.test_parser.TestDateTimeParserParse" name="test_parse_tz_name_zzz[Africa/Ouagadougou]" time="0.000" /><testcase classname="tests.test_parser.TestDateTimeParserParse" name="test_parse_tz_name_zzz[America/Godthab]" time="0.000" /><testcase classname="tests.test_parser.TestDateTimeParserParse" name="test_parse_tz_name_zzz[Asia/Kuala_Lumpur]" time="0.000" /><testcase classname="tests.test_parser.TestDateTimeParserParse" name="test_parse_tz_name_zzz[Europe/Bratislava]" time="0.000" /><testcase classname="tests.test_parser.TestDateTimeParserParse" name="test_parse_tz_name_zzz[Africa/Nairobi]" time="0.000" /><testcase classname="tests.test_parser.TestDateTimeParserParse" name="test_parse_tz_name_zzz[Africa/Porto-Novo]" time="0.000" /><testcase classname="tests.test_parser.TestDateTimeParserParse" name="test_parse_tz_name_zzz[Europe/Nicosia]" time="0.000" /><testcase classname="tests.test_parser.TestDateTimeParserParse" name="test_parse_tz_name_zzz[Europe/Madrid]" time="0.000" /><testcase classname="tests.test_parser.TestDateTimeParserParse" name="test_parse_tz_name_zzz[America/Indiana/Vincennes]" time="0.000" /><testcase classname="tests.test_parser.TestDateTimeParserParse" name="test_parse_tz_name_zzz[Asia/Muscat]" time="0.000" /><testcase classname="tests.test_parser.TestDateTimeParserParse" name="test_parse_tz_name_zzz[Asia/Choibalsan]" time="0.000" /><testcase classname="tests.test_parser.TestDateTimeParserParse" name="test_parse_tz_name_zzz[America/Grand_Turk]" time="0.000" /><testcase classname="tests.test_parser.TestDateTimeParserParse" name="test_parse_tz_name_zzz[America/Moncton]" time="0.000" /><testcase classname="tests.test_parser.TestDateTimeParserParse" name="test_parse_tz_name_zzz[Asia/Thimphu]" time="0.000" /><testcase classname="tests.test_parser.TestDateTimeParserParse" name="test_parse_tz_name_zzz[Pacific/Guadalcanal]" time="0.001" /><testcase classname="tests.test_parser.TestDateTimeParserParse" name="test_parse_tz_name_zzz[Pacific/Gambier]" time="0.000" /><testcase classname="tests.test_parser.TestDateTimeParserParse" name="test_parse_tz_name_zzz[Asia/Kolkata]" time="0.000" /><testcase classname="tests.test_parser.TestDateTimeParserParse" name="test_parse_tz_name_zzz[Australia/Tasmania]" time="0.000" /><testcase classname="tests.test_parser.TestDateTimeParserParse" name="test_parse_tz_name_zzz[Europe/Helsinki]" time="0.000" /><testcase classname="tests.test_parser.TestDateTimeParserParse" name="test_parse_tz_name_zzz[America/Pangnirtung]" time="0.000" /><testcase classname="tests.test_parser.TestDateTimeParserParse" name="test_parse_tz_name_zzz[Arctic/Longyearbyen]" time="0.000" /><testcase classname="tests.test_parser.TestDateTimeParserParse" name="test_parse_tz_name_zzz[America/North_Dakota/New_Salem]" time="0.000" /><testcase classname="tests.test_parser.TestDateTimeParserParse" name="test_parse_tz_name_zzz[Asia/Chungking]" time="0.000" /><testcase classname="tests.test_parser.TestDateTimeParserParse" name="test_parse_tz_name_zzz[America/Whitehorse]" time="0.000" /><testcase classname="tests.test_parser.TestDateTimeParserParse" name="test_parse_tz_name_zzz[America/Montreal]" time="0.000" /><testcase classname="tests.test_parser.TestDateTimeParserParse" name="test_parse_subsecond" time="0.000" /><testcase classname="tests.test_parser.TestDateTimeParserParse" name="test_parse_subsecond_rounding" time="0.000" /><testcase classname="tests.test_parser.TestDateTimeParserParse" name="test_parse_subsecond_rounding_overflow" time="0.000" /><testcase classname="tests.test_parser.TestDateTimeParserParse" name="test_parse_long_year" time="0.001" /><testcase classname="tests.test_parser.TestDateTimeParserParse" name="test_parse_with_extra_words_at_start_and_end_invalid" time="0.000" /><testcase classname="tests.test_parser.TestDateTimeParserParse" name="test_parse_with_extra_words_at_start_and_end_valid" time="0.000" /><testcase classname="tests.test_parser.TestDateTimeParserParse" name="test_parse_with_punctuation_fences" time="0.001" /><testcase classname="tests.test_parser.TestDateTimeParserParse" name="test_parse_with_leading_and_trailing_whitespace" time="0.000" /><testcase classname="tests.test_parser.TestDateTimeParserParse" name="test_parse_YYYY_DDDD" time="0.000" /><testcase classname="tests.test_parser.TestDateTimeParserParse" name="test_parse_YYYY_DDD" time="0.000" /><testcase classname="tests.test_parser.TestDateTimeParserParse" name="test_parse_YYYY_MM_DDDD" time="0.000" /><testcase classname="tests.test_parser.TestDateTimeParserParse" name="test_parse_DDD_only" time="0.000" /><testcase classname="tests.test_parser.TestDateTimeParserParse" name="test_parse_DDDD_only" time="0.000" /><testcase classname="tests.test_parser.TestDateTimeParserParse" name="test_parse_ddd_and_dddd" time="0.004" /><testcase classname="tests.test_parser.TestDateTimeParserParse" name="test_parse_ddd_and_dddd_ignore_case" time="0.000" /><testcase classname="tests.test_parser.TestDateTimeParserParse" name="test_parse_ddd_and_dddd_then_format" time="0.001" /><testcase classname="tests.test_parser.TestDateTimeParserParse" name="test_parse_HH_24" time="0.001" /><testcase classname="tests.test_parser.TestDateTimeParserParse" name="test_parse_W" time="0.001" /><testcase classname="tests.test_parser.TestDateTimeParserParse" name="test_parse_normalize_whitespace" time="0.001" /><testcase classname="tests.test_parser.TestDateTimeParserRegex" name="test_format_year" time="0.000" /><testcase classname="tests.test_parser.TestDateTimeParserRegex" name="test_format_month" time="0.000" /><testcase classname="tests.test_parser.TestDateTimeParserRegex" name="test_format_day" time="0.000" /><testcase classname="tests.test_parser.TestDateTimeParserRegex" name="test_format_hour" time="0.000" /><testcase classname="tests.test_parser.TestDateTimeParserRegex" name="test_format_minute" time="0.000" /><testcase classname="tests.test_parser.TestDateTimeParserRegex" name="test_format_second" time="0.000" /><testcase classname="tests.test_parser.TestDateTimeParserRegex" name="test_format_subsecond" time="0.000" /><testcase classname="tests.test_parser.TestDateTimeParserRegex" name="test_format_tz" time="0.000" /><testcase classname="tests.test_parser.TestDateTimeParserRegex" name="test_format_am_pm" time="0.000" /><testcase classname="tests.test_parser.TestDateTimeParserRegex" name="test_format_timestamp" time="0.000" /><testcase classname="tests.test_parser.TestDateTimeParserRegex" name="test_format_timestamp_milli" time="0.000" /><testcase classname="tests.test_parser.TestDateTimeParserRegex" name="test_escape" time="0.000" /><testcase classname="tests.test_parser.TestDateTimeParserRegex" name="test_month_names" time="0.000" /><testcase classname="tests.test_parser.TestDateTimeParserRegex" name="test_month_abbreviations" time="0.000" /><testcase classname="tests.test_parser.TestDateTimeParserRegex" name="test_digits" time="0.000" /><testcase classname="tests.test_parser.TestDateTimeParserRegex" name="test_tz" time="0.000" /><testcase classname="tests.test_parser.TestDateTimeParserRegex" name="test_timestamp" time="0.000" /><testcase classname="tests.test_parser.TestDateTimeParserRegex" name="test_timestamp_milli" time="0.000" /><testcase classname="tests.test_parser.TestDateTimeParserRegex" name="test_time" time="0.000" /><testcase classname="tests.test_parser.TestDateTimeParserISO" name="test_YYYY" time="0.000" /><testcase classname="tests.test_parser.TestDateTimeParserISO" name="test_YYYY_DDDD" time="0.001" /><testcase classname="tests.test_parser.TestDateTimeParserISO" name="test_YYYY_DDDD_HH_mm_ssZ" time="0.003" /><testcase classname="tests.test_parser.TestDateTimeParserISO" name="test_YYYY_MM_DDDD" time="0.000" /><testcase classname="tests.test_parser.TestDateTimeParserISO" name="test_YYYY_MM" time="0.000" /><testcase classname="tests.test_parser.TestDateTimeParserISO" name="test_YYYY_MM_DD" time="0.000" /><testcase classname="tests.test_parser.TestDateTimeParserISO" name="test_YYYY_MM_DDTHH_mmZ" time="0.000" /><testcase classname="tests.test_parser.TestDateTimeParserISO" name="test_YYYY_MM_DDTHH_mm" time="0.000" /><testcase classname="tests.test_parser.TestDateTimeParserISO" name="test_YYYY_MM_DDTHH" time="0.000" /><testcase classname="tests.test_parser.TestDateTimeParserISO" name="test_YYYY_MM_DDTHHZ" time="0.000" /><testcase classname="tests.test_parser.TestDateTimeParserISO" name="test_YYYY_MM_DDTHH_mm_ssZ" time="0.000" /><testcase classname="tests.test_parser.TestDateTimeParserISO" name="test_YYYY_MM_DDTHH_mm_ss" time="0.000" /><testcase classname="tests.test_parser.TestDateTimeParserISO" name="test_YYYY_MM_DD_HH_mmZ" time="0.000" /><testcase classname="tests.test_parser.TestDateTimeParserISO" name="test_YYYY_MM_DD_HH_mm" time="0.000" /><testcase classname="tests.test_parser.TestDateTimeParserISO" name="test_YYYY_MM_DD_HH" time="0.000" /><testcase classname="tests.test_parser.TestDateTimeParserISO" name="test_invalid_time" time="0.000" /><testcase classname="tests.test_parser.TestDateTimeParserISO" name="test_YYYY_MM_DD_HH_mm_ssZ" time="0.000" /><testcase classname="tests.test_parser.TestDateTimeParserISO" name="test_YYYY_MM_DD_HH_mm_ss" time="0.000" /><testcase classname="tests.test_parser.TestDateTimeParserISO" name="test_YYYY_MM_DDTHH_mm_ss_S" time="0.000" /><testcase classname="tests.test_parser.TestDateTimeParserISO" name="test_YYYY_MM_DDTHH_mm_ss_SZ" time="0.000" /><testcase classname="tests.test_parser.TestDateTimeParserISO" name="test_W" time="0.004" /><testcase classname="tests.test_parser.TestDateTimeParserISO" name="test_invalid_Z" time="0.003" /><testcase classname="tests.test_parser.TestDateTimeParserISO" name="test_parse_subsecond" time="0.000" /><testcase classname="tests.test_parser.TestDateTimeParserISO" name="test_gnu_date" time="0.000" /><testcase classname="tests.test_parser.TestDateTimeParserISO" name="test_isoformat" time="0.000" /><testcase classname="tests.test_parser.TestDateTimeParserISO" name="test_parse_iso_normalize_whitespace" time="0.000" /><testcase classname="tests.test_parser.TestDateTimeParserISO" name="test_parse_iso_with_leading_and_trailing_whitespace" time="0.000" /><testcase classname="tests.test_parser.TestDateTimeParserISO" name="test_parse_iso_with_extra_words_at_start_and_end_invalid" time="0.002" /><testcase classname="tests.test_parser.TestDateTimeParserISO" name="test_iso8601_basic_format" time="0.008" /><testcase classname="tests.test_parser.TestDateTimeParserISO" name="test_midnight_end_day" time="0.001" /><testcase classname="tests.test_parser.TestTzinfoParser" name="test_parse_local" time="0.000" /><testcase classname="tests.test_parser.TestTzinfoParser" name="test_parse_utc" time="0.000" /><testcase classname="tests.test_parser.TestTzinfoParser" name="test_parse_utc_withoffset" time="0.000" /><testcase classname="tests.test_parser.TestTzinfoParser" name="test_parse_iso" time="0.000" /><testcase classname="tests.test_parser.TestTzinfoParser" name="test_parse_str" time="0.000" /><testcase classname="tests.test_parser.TestTzinfoParser" name="test_parse_fails" time="0.000" /><testcase classname="tests.test_parser.TestDateTimeParserMonthName" name="test_shortmonth_capitalized" time="0.000" /><testcase classname="tests.test_parser.TestDateTimeParserMonthName" name="test_shortmonth_allupper" time="0.000" /><testcase classname="tests.test_parser.TestDateTimeParserMonthName" name="test_shortmonth_alllower" time="0.000" /><testcase classname="tests.test_parser.TestDateTimeParserMonthName" name="test_month_capitalized" time="0.001" /><testcase classname="tests.test_parser.TestDateTimeParserMonthName" name="test_month_allupper" time="0.001" /><testcase classname="tests.test_parser.TestDateTimeParserMonthName" name="test_month_alllower" time="0.000" /><testcase classname="tests.test_parser.TestDateTimeParserMonthName" name="test_localized_month_name" time="0.001" /><testcase classname="tests.test_parser.TestDateTimeParserMonthName" name="test_localized_month_abbreviation" time="0.001" /><testcase classname="tests.test_parser.TestDateTimeParserMeridians" name="test_meridians_lowercase" time="0.001" /><testcase classname="tests.test_parser.TestDateTimeParserMeridians" name="test_meridians_capitalized" time="0.001" /><testcase classname="tests.test_parser.TestDateTimeParserMeridians" name="test_localized_meridians_lowercase" time="0.001" /><testcase classname="tests.test_parser.TestDateTimeParserMeridians" name="test_localized_meridians_capitalized" time="0.000" /><testcase classname="tests.test_parser.TestDateTimeParserMeridians" name="test_es_meridians" time="0.001" /><testcase classname="tests.test_parser.TestDateTimeParserMeridians" name="test_fr_meridians" time="0.001" /><testcase classname="tests.test_parser.TestDateTimeParserMonthOrdinalDay" name="test_english" time="0.001" /><testcase classname="tests.test_parser.TestDateTimeParserMonthOrdinalDay" name="test_italian" time="0.001" /><testcase classname="tests.test_parser.TestDateTimeParserMonthOrdinalDay" name="test_spanish" time="0.001" /><testcase classname="tests.test_parser.TestDateTimeParserMonthOrdinalDay" name="test_french" time="0.000" /><testcase classname="tests.test_parser.TestDateTimeParserSearchDate" name="test_parse_search" time="0.001" /><testcase classname="tests.test_parser.TestDateTimeParserSearchDate" name="test_parse_search_with_numbers" time="0.000" /><testcase classname="tests.test_parser.TestDateTimeParserSearchDate" name="test_parse_search_with_names" time="0.001" /><testcase classname="tests.test_parser.TestDateTimeParserSearchDate" name="test_parse_search_locale_with_names" time="0.001" /><testcase classname="tests.test_parser.TestDateTimeParserSearchDate" name="test_parse_search_fails" time="0.000" /><testcase classname="tests.test_parser.TestDateTimeParserSearchDate" name="test_escape" time="0.001" /><testcase classname="tests.test_parser.TestFuzzInput" name="test_no_match_group" time="0.001" /><testcase classname="tests.test_parser.TestFuzzInput" name="test_regex_module_error" time="0.000" /><testcase classname="tests.test_util.TestUtil" name="test_next_weekday" time="0.000" /><testcase classname="tests.test_util.TestUtil" name="test_is_timestamp" time="0.000" /><testcase classname="tests.test_util.TestUtil" name="test_validate_ordinal" time="0.000" /><testcase classname="tests.test_util.TestUtil" name="test_normalize_timestamp" time="0.000" /><testcase classname="tests.test_util.TestUtil" name="test_iso_gregorian" time="0.000" /></testsuite></testsuites>
